#! /usr/bin/vvp
:ivl_version "10.1 (stable)";
:ivl_delay_selection "TYPICAL";
:vpi_time_precision + 0;
:vpi_module "system";
:vpi_module "vhdl_sys";
:vpi_module "v2005_math";
:vpi_module "va_math";
S_0x55a1286e6110 .scope module, "main" "main" 2 5;
 .timescale 0 0;
    .port_info 0 /INPUT 1 "cclk"
    .port_info 1 /INPUT 1 "dclk"
    .port_info 2 /INPUT 1 "valid"
    .port_info 3 /INPUT 8 "data_in"
    .port_info 4 /OUTPUT 8 "data_between"
    .port_info 5 /OUTPUT 1 "data_out"
o0x7f5b12ba5018 .functor BUFZ 1, C4<z>; HiZ drive
v0x55a128706dc0_0 .net "cclk", 0 0, o0x7f5b12ba5018;  0 drivers
v0x55a128706ed0_0 .net "data_between", 7 0, v0x55a128706310_0;  1 drivers
o0x7f5b12ba5048 .functor BUFZ 8, C4<zzzzzzzz>; HiZ drive
v0x55a128706fe0_0 .net "data_in", 7 0, o0x7f5b12ba5048;  0 drivers
v0x55a128707080_0 .net "data_out", 0 0, v0x55a128706ba0_0;  1 drivers
o0x7f5b12ba50a8 .functor BUFZ 1, C4<z>; HiZ drive
v0x55a128707120_0 .net "dclk", 0 0, o0x7f5b12ba50a8;  0 drivers
o0x7f5b12ba50d8 .functor BUFZ 1, C4<z>; HiZ drive
v0x55a128707260_0 .net "valid", 0 0, o0x7f5b12ba50d8;  0 drivers
S_0x55a1286e6290 .scope module, "com_valid" "com_valid" 2 15, 3 1 0, S_0x55a1286e6110;
 .timescale 0 0;
    .port_info 0 /INPUT 1 "cclk"
    .port_info 1 /INPUT 1 "dclk"
    .port_info 2 /INPUT 1 "valid"
    .port_info 3 /INPUT 8 "data_in"
    .port_info 4 /OUTPUT 8 "data_out"
v0x55a1286e6490_0 .net "cclk", 0 0, o0x7f5b12ba5018;  alias, 0 drivers
v0x55a128706230_0 .net "data_in", 7 0, o0x7f5b12ba5048;  alias, 0 drivers
v0x55a128706310_0 .var "data_out", 7 0;
v0x55a128706400_0 .net "dclk", 0 0, o0x7f5b12ba50a8;  alias, 0 drivers
v0x55a1287064c0_0 .net "valid", 0 0, o0x7f5b12ba50d8;  alias, 0 drivers
E_0x55a1286dfeb0 .event posedge, v0x55a1286e6490_0;
S_0x55a128706670 .scope module, "converter_bits" "converter_bits" 2 23, 4 1 0, S_0x55a1286e6110;
 .timescale 0 0;
    .port_info 0 /INPUT 1 "cclk"
    .port_info 1 /INPUT 1 "dclk"
    .port_info 2 /INPUT 8 "data_in"
    .port_info 3 /OUTPUT 1 "data_out"
v0x55a1287068f0_0 .net "cclk", 0 0, o0x7f5b12ba5018;  alias, 0 drivers
v0x55a1287069e0_0 .var "cnt", 2 0;
v0x55a128706aa0_0 .net "data_in", 7 0, v0x55a128706310_0;  alias, 1 drivers
v0x55a128706ba0_0 .var "data_out", 0 0;
v0x55a128706c40_0 .net "dclk", 0 0, o0x7f5b12ba50a8;  alias, 0 drivers
E_0x55a1286df4b0 .event posedge, v0x55a128706400_0;
    .scope S_0x55a1286e6290;
T_0 ;
    %wait E_0x55a1286dfeb0;
    %load/vec4 v0x55a1287064c0_0;
    %nor/r;
    %flag_set/vec4 8;
    %jmp/0xz  T_0.0, 8;
    %pushi/vec4 188, 0, 8;
    %store/vec4 v0x55a128706310_0, 0, 8;
    %jmp T_0.1;
T_0.0 ;
    %load/vec4 v0x55a128706230_0;
    %store/vec4 v0x55a128706310_0, 0, 8;
T_0.1 ;
    %jmp T_0;
    .thread T_0;
    .scope S_0x55a128706670;
T_1 ;
    %wait E_0x55a1286dfeb0;
    %pushi/vec4 7, 0, 3;
    %store/vec4 v0x55a1287069e0_0, 0, 3;
    %jmp T_1;
    .thread T_1;
    .scope S_0x55a128706670;
T_2 ;
    %wait E_0x55a1286df4b0;
    %load/vec4 v0x55a128706aa0_0;
    %load/vec4 v0x55a1287069e0_0;
    %part/u 1;
    %assign/vec4 v0x55a128706ba0_0, 0;
    %load/vec4 v0x55a1287069e0_0;
    %subi 1, 0, 3;
    %assign/vec4 v0x55a1287069e0_0, 0;
    %jmp T_2;
    .thread T_2;
# The file index is used to find the file name in the following table.
:file_names 5;
    "N/A";
    "<interactive>";
    "main.v";
    "./com.v";
    "./8_to_1_bits.v";
