#! /usr/bin/vvp
:ivl_version "10.1 (stable)";
:ivl_delay_selection "TYPICAL";
:vpi_time_precision - 10;
:vpi_module "system";
:vpi_module "vhdl_sys";
:vpi_module "v2005_math";
:vpi_module "va_math";
S_0x55734665dd70 .scope module, "BUF" "BUF" 2 1;
 .timescale -9 -10;
    .port_info 0 /INPUT 1 "A"
    .port_info 1 /OUTPUT 1 "Y"
o0x7fefc0919018 .functor BUFZ 1, C4<z>; HiZ drive
L_0x55734665c140 .functor BUFZ 1, o0x7fefc0919018, C4<0>, C4<0>, C4<0>;
v0x55734661b750_0 .net "A", 0 0, o0x7fefc0919018;  0 drivers
v0x55734665b0e0_0 .net "Y", 0 0, L_0x55734665c140;  1 drivers
S_0x55734665def0 .scope module, "BancoPruebas" "BancoPruebas" 3 10;
 .timescale -9 -10;
v0x5573466a9330_0 .net "IDL", 0 0, v0x557346659a40_0;  1 drivers
v0x5573466a93f0_0 .net "L1_in0", 7 0, v0x5573466a7d60_0;  1 drivers
v0x5573466a94b0_0 .net "L1_in0_estruc", 7 0, L_0x5573466b85f0;  1 drivers
v0x5573466a9580_0 .net "L1_in1", 7 0, v0x5573466a7e40_0;  1 drivers
v0x5573466a9650_0 .net "L1_in1_estruc", 7 0, L_0x5573466b7500;  1 drivers
v0x5573466a9740_0 .net "L1_in2", 7 0, v0x5573466a7f00_0;  1 drivers
v0x5573466a9810_0 .net "L1_in2_estruc", 7 0, L_0x5573466b5d60;  1 drivers
v0x5573466a98e0_0 .net "L1_in3", 7 0, v0x5573466a7fe0_0;  1 drivers
v0x5573466a99b0_0 .net "L1_in3_estruc", 7 0, L_0x5573466b4da0;  1 drivers
v0x5573466a9a80_0 .net "L1_valid0", 0 0, v0x5573466a8110_0;  1 drivers
v0x5573466a9b50_0 .net "L1_valid0_estruc", 0 0, L_0x5573466b7a70;  1 drivers
v0x5573466a9bf0_0 .net "L1_valid1", 0 0, v0x5573466a81d0_0;  1 drivers
v0x5573466a9c90_0 .net "L1_valid1_estruc", 0 0, L_0x5573466b6190;  1 drivers
v0x5573466a9d80_0 .net "L1_valid2", 0 0, v0x5573466a8290_0;  1 drivers
v0x5573466a9e20_0 .net "L1_valid2_estruc", 0 0, L_0x5573466b4330;  1 drivers
v0x5573466a9f10_0 .net "L1_valid3", 0 0, v0x5573466a8350_0;  1 drivers
v0x5573466a9fb0_0 .net "L1_valid3_estruc", 0 0, L_0x5573466b38c0;  1 drivers
v0x5573466aa0a0_0 .net "clk", 0 0, v0x557346654890_0;  1 drivers
v0x5573466aa140_0 .net "data_in0", 7 0, v0x557346666460_0;  1 drivers
v0x5573466aa1e0_0 .net "data_in1", 7 0, v0x557346576710_0;  1 drivers
v0x5573466aa280_0 .net "data_in2", 7 0, v0x55734666f3d0_0;  1 drivers
v0x5573466aa320_0 .net "data_in3", 7 0, v0x55734666f500_0;  1 drivers
v0x5573466aa3c0_0 .net "prob_in0_estruc", 7 0, L_0x5573466b32a0;  1 drivers
v0x5573466aa460_0 .net "prob_in1_estruc", 7 0, L_0x5573466b0740;  1 drivers
v0x5573466aa530_0 .net "prob_in2_estruc", 7 0, L_0x5573466ae720;  1 drivers
v0x5573466aa600_0 .net "prob_valid0_estruc", 0 0, L_0x5573466b0d70;  1 drivers
v0x5573466aa6f0_0 .net "prob_valid1_estruc", 0 0, L_0x5573466aec90;  1 drivers
v0x5573466aa7e0_0 .net "prob_valid3_estruc", 0 0, L_0x5573466b8a20;  1 drivers
v0x5573466aa8d0_0 .net "probador_in0", 7 0, v0x5573466a88f0_0;  1 drivers
v0x5573466aa9c0_0 .net "probador_in1", 7 0, v0x5573466a89b0_0;  1 drivers
v0x5573466aaab0_0 .net "probador_in2", 7 0, v0x5573466a8a50_0;  1 drivers
v0x5573466aabc0_0 .net "probador_in3", 7 0, v0x5573466a8af0_0;  1 drivers
v0x5573466aacd0_0 .net "probador_valid0", 0 0, v0x5573466a8b90_0;  1 drivers
v0x5573466aadc0_0 .net "probador_valid1", 0 0, v0x5573466a8c30_0;  1 drivers
v0x5573466aaeb0_0 .net "probador_valid2", 0 0, v0x5573466a8cd0_0;  1 drivers
v0x5573466aafa0_0 .net "probador_valid3", 0 0, v0x5573466a8d70_0;  1 drivers
v0x5573466ab090_0 .net "valid0", 0 0, v0x55734666fc60_0;  1 drivers
v0x5573466ab130_0 .net "valid1", 0 0, v0x55734666fd20_0;  1 drivers
v0x5573466ab1d0_0 .net "valid2", 0 0, v0x55734666fde0_0;  1 drivers
v0x5573466ab270_0 .net "valid3", 0 0, v0x55734666fea0_0;  1 drivers
S_0x55734663bc90 .scope module, "probador_" "probador" 3 103, 4 1 0, S_0x55734665def0;
 .timescale -9 -10;
    .port_info 0 /OUTPUT 1 "clk"
    .port_info 1 /OUTPUT 8 "data_in0"
    .port_info 2 /OUTPUT 8 "data_in1"
    .port_info 3 /OUTPUT 8 "data_in2"
    .port_info 4 /OUTPUT 8 "data_in3"
    .port_info 5 /OUTPUT 1 "valid0"
    .port_info 6 /OUTPUT 1 "valid1"
    .port_info 7 /OUTPUT 1 "valid2"
    .port_info 8 /OUTPUT 1 "valid3"
    .port_info 9 /OUTPUT 1 "IDL"
    .port_info 10 /INPUT 1 "probador_valid0"
    .port_info 11 /INPUT 1 "probador_valid1"
    .port_info 12 /INPUT 1 "probador_valid2"
    .port_info 13 /INPUT 1 "probador_valid3"
    .port_info 14 /INPUT 8 "probador_in0"
    .port_info 15 /INPUT 8 "probador_in1"
    .port_info 16 /INPUT 8 "probador_in2"
    .port_info 17 /INPUT 8 "probador_in3"
v0x557346659a40_0 .var "IDL", 0 0;
v0x557346654890_0 .var "clk", 0 0;
v0x557346666460_0 .var "data_in0", 7 0;
v0x557346576710_0 .var "data_in1", 7 0;
v0x55734666f3d0_0 .var "data_in2", 7 0;
v0x55734666f500_0 .var "data_in3", 7 0;
v0x55734666f5e0_0 .net "probador_in0", 7 0, v0x5573466a88f0_0;  alias, 1 drivers
v0x55734666f6c0_0 .net "probador_in1", 7 0, v0x5573466a89b0_0;  alias, 1 drivers
v0x55734666f7a0_0 .net "probador_in2", 7 0, v0x5573466a8a50_0;  alias, 1 drivers
v0x55734666f880_0 .net "probador_in3", 7 0, v0x5573466a8af0_0;  alias, 1 drivers
v0x55734666f960_0 .net "probador_valid0", 0 0, v0x5573466a8b90_0;  alias, 1 drivers
v0x55734666fa20_0 .net "probador_valid1", 0 0, v0x5573466a8c30_0;  alias, 1 drivers
v0x55734666fae0_0 .net "probador_valid2", 0 0, v0x5573466a8cd0_0;  alias, 1 drivers
v0x55734666fba0_0 .net "probador_valid3", 0 0, v0x5573466a8d70_0;  alias, 1 drivers
v0x55734666fc60_0 .var "valid0", 0 0;
v0x55734666fd20_0 .var "valid1", 0 0;
v0x55734666fde0_0 .var "valid2", 0 0;
v0x55734666fea0_0 .var "valid3", 0 0;
E_0x5573465b6750 .event posedge, v0x557346654890_0;
S_0x55734663d020 .scope module, "recirc_estruc_" "recirculacion_estructural" 3 71, 5 5 0, S_0x55734665def0;
 .timescale -9 -10;
    .port_info 0 /INPUT 1 "clk"
    .port_info 1 /INPUT 1 "IDL"
    .port_info 2 /INPUT 8 "data_in0"
    .port_info 3 /INPUT 1 "valid0"
    .port_info 4 /INPUT 8 "data_in1"
    .port_info 5 /INPUT 1 "valid1"
    .port_info 6 /INPUT 8 "data_in2"
    .port_info 7 /INPUT 1 "valid2"
    .port_info 8 /INPUT 8 "data_in3"
    .port_info 9 /INPUT 1 "valid3"
    .port_info 10 /OUTPUT 8 "L1_in0"
    .port_info 11 /OUTPUT 1 "L1_valid0"
    .port_info 12 /OUTPUT 8 "L1_in1"
    .port_info 13 /OUTPUT 1 "L1_valid1"
    .port_info 14 /OUTPUT 8 "L1_in2"
    .port_info 15 /OUTPUT 1 "L1_valid2"
    .port_info 16 /OUTPUT 8 "L1_in3"
    .port_info 17 /OUTPUT 1 "L1_valid3"
    .port_info 18 /OUTPUT 8 "probador_in0"
    .port_info 19 /OUTPUT 1 "probador_valid0"
    .port_info 20 /OUTPUT 8 "probador_in1"
    .port_info 21 /OUTPUT 1 "probador_valid1"
    .port_info 22 /OUTPUT 8 "probador_in2"
    .port_info 23 /OUTPUT 1 "probador_valid2"
    .port_info 24 /OUTPUT 8 "probador_in3"
    .port_info 25 /OUTPUT 1 "probador_valid3"
v0x5573466a42c0_0 .net "IDL", 0 0, v0x557346659a40_0;  alias, 1 drivers
v0x5573466a4400_0 .net "L1_in0", 7 0, L_0x5573466b85f0;  alias, 1 drivers
v0x5573466a4730_0 .net "L1_in1", 7 0, L_0x5573466b7500;  alias, 1 drivers
v0x5573466a4840_0 .net "L1_in2", 7 0, L_0x5573466b5d60;  alias, 1 drivers
v0x5573466a4940_0 .net "L1_in3", 7 0, L_0x5573466b4da0;  alias, 1 drivers
v0x5573466a4a90_0 .net "L1_valid0", 0 0, L_0x5573466b7a70;  alias, 1 drivers
v0x5573466a4b70_0 .net "L1_valid1", 0 0, L_0x5573466b6190;  alias, 1 drivers
v0x5573466a4c10_0 .net "L1_valid2", 0 0, L_0x5573466b4330;  alias, 1 drivers
v0x5573466a4ce0_0 .net "L1_valid3", 0 0, L_0x5573466b38c0;  alias, 1 drivers
v0x5573466a4db0_0 .net "_000_", 0 0, L_0x5573466abeb0;  1 drivers
v0x5573466a4e50_0 .net "_001_", 0 0, L_0x5573466ac220;  1 drivers
v0x5573466a4ef0_0 .net "_002_", 0 0, L_0x5573466ac4e0;  1 drivers
v0x5573466a4f90_0 .net "_003_", 0 0, L_0x5573466ac7a0;  1 drivers
v0x5573466a5030_0 .net "_004_", 0 0, L_0x5573466aca70;  1 drivers
v0x5573466a50d0_0 .net "_005_", 0 0, L_0x5573466acd00;  1 drivers
v0x5573466a5170_0 .net "_006_", 0 0, L_0x5573466ad070;  1 drivers
v0x5573466a5210_0 .net "_007_", 0 0, L_0x5573466ad3c0;  1 drivers
v0x5573466a52b0_0 .net "_008_", 0 0, L_0x5573466ad6d0;  1 drivers
v0x5573466a5350_0 .net "_009_", 0 0, L_0x5573466ada30;  1 drivers
v0x5573466a53f0_0 .net "_010_", 0 0, L_0x5573466add70;  1 drivers
v0x5573466a5490_0 .net "_011_", 0 0, L_0x5573466ae030;  1 drivers
v0x5573466a5530_0 .net "_012_", 0 0, L_0x5573466ae370;  1 drivers
v0x5573466a55d0_0 .net "_013_", 0 0, L_0x5573466aeae0;  1 drivers
v0x5573466a5670_0 .net "_014_", 0 0, L_0x5573466aed20;  1 drivers
v0x5573466a5710_0 .net "_015_", 0 0, L_0x5573466af0a0;  1 drivers
v0x5573466a57b0_0 .net "_016_", 0 0, L_0x5573466af3b0;  1 drivers
v0x5573466a5850_0 .net "_017_", 0 0, L_0x5573466af750;  1 drivers
v0x5573466a58f0_0 .net "_018_", 0 0, L_0x5573466afa60;  1 drivers
v0x5573466a5990_0 .net "_019_", 0 0, L_0x5573466aff20;  1 drivers
v0x5573466a5a30_0 .net "_020_", 0 0, L_0x5573466b01a0;  1 drivers
v0x5573466a5ad0_0 .net "_021_", 0 0, L_0x5573466b04d0;  1 drivers
v0x5573466a5b70_0 .net "_022_", 0 0, L_0x5573466b0bc0;  1 drivers
v0x5573466a5c10_0 .net "_023_", 0 0, L_0x5573466b0e00;  1 drivers
v0x5573466a5cb0_0 .net "_024_", 0 0, L_0x5573466b1960;  1 drivers
v0x5573466a5d50_0 .net "_025_", 0 0, L_0x5573466b1cb0;  1 drivers
v0x5573466a5df0_0 .net "_026_", 0 0, L_0x5573466b1fa0;  1 drivers
v0x5573466a5e90_0 .net "_027_", 0 0, L_0x5573466b2390;  1 drivers
v0x5573466a5f30_0 .net "_028_", 0 0, L_0x5573466b27b0;  1 drivers
v0x5573466a5fd0_0 .net "_029_", 0 0, L_0x5573466b2b20;  1 drivers
v0x5573466a6070_0 .net "_030_", 0 0, L_0x5573466b2e60;  1 drivers
v0x5573466a6110_0 .net "_031_", 0 0, L_0x5573466b3660;  1 drivers
v0x5573466a61b0_0 .net "_032_", 0 0, L_0x5573466b36f0;  1 drivers
v0x5573466a6250_0 .net "_033_", 0 0, L_0x5573466b3950;  1 drivers
v0x5573466a62f0_0 .net "_034_", 0 0, L_0x5573466b3ea0;  1 drivers
v0x5573466a6390_0 .net "_035_", 0 0, L_0x5573466b4120;  1 drivers
v0x5573466a6430_0 .net "_036_", 0 0, L_0x5573466b4550;  1 drivers
v0x5573466a64d0_0 .net "clk", 0 0, v0x557346654890_0;  alias, 1 drivers
v0x5573466a65a0_0 .net "data_in0", 7 0, v0x557346666460_0;  alias, 1 drivers
v0x5573466a6690_0 .net "data_in1", 7 0, v0x557346576710_0;  alias, 1 drivers
v0x5573466a6780_0 .net "data_in2", 7 0, v0x55734666f3d0_0;  alias, 1 drivers
v0x5573466a6870_0 .net "data_in3", 7 0, v0x55734666f500_0;  alias, 1 drivers
v0x5573466a6960_0 .net "probador_in0", 7 0, L_0x5573466b32a0;  alias, 1 drivers
v0x5573466a6a50_0 .net "probador_in1", 7 0, L_0x5573466b0740;  alias, 1 drivers
v0x5573466a6b50_0 .net "probador_in2", 7 0, L_0x5573466ae720;  alias, 1 drivers
v0x5573466a6c50_0 .net "probador_in3", 7 0, L_0x5573466b9060;  1 drivers
v0x5573466a6d50_0 .net "probador_valid0", 0 0, L_0x5573466b0d70;  alias, 1 drivers
v0x5573466a6e30_0 .net "probador_valid1", 0 0, L_0x5573466aec90;  alias, 1 drivers
v0x5573466a6f00_0 .net "probador_valid2", 0 0, L_0x5573466acc20;  1 drivers
v0x5573466a6fd0_0 .net "probador_valid3", 0 0, L_0x5573466b8a20;  alias, 1 drivers
v0x5573466a70a0_0 .net "valid0", 0 0, v0x55734666fc60_0;  alias, 1 drivers
v0x5573466a7170_0 .net "valid1", 0 0, v0x55734666fd20_0;  alias, 1 drivers
v0x5573466a7280_0 .net "valid2", 0 0, v0x55734666fde0_0;  alias, 1 drivers
v0x5573466a7390_0 .net "valid3", 0 0, v0x55734666fea0_0;  alias, 1 drivers
L_0x5573466abfb0 .part v0x55734666f500_0, 4, 1;
L_0x5573466ac320 .part v0x55734666f500_0, 5, 1;
L_0x5573466ac5e0 .part v0x55734666f500_0, 6, 1;
L_0x5573466ac8a0 .part v0x55734666f500_0, 7, 1;
L_0x5573466ace20 .part v0x55734666f3d0_0, 0, 1;
L_0x5573466ad170 .part v0x55734666f3d0_0, 1, 1;
L_0x5573466ad4c0 .part v0x55734666f3d0_0, 2, 1;
L_0x5573466ad7d0 .part v0x55734666f3d0_0, 3, 1;
L_0x5573466adb30 .part v0x55734666f3d0_0, 4, 1;
L_0x5573466adde0 .part v0x55734666f3d0_0, 5, 1;
L_0x5573466ae130 .part v0x55734666f3d0_0, 6, 1;
L_0x5573466ae470 .part v0x55734666f3d0_0, 7, 1;
LS_0x5573466ae720_0_0 .concat8 [ 1 1 1 1], L_0x5573466acfe0, L_0x5573466ad2e0, L_0x5573466ad5f0, L_0x5573466ad950;
LS_0x5573466ae720_0_4 .concat8 [ 1 1 1 1], L_0x5573466adc60, L_0x5573466adf70, L_0x5573466ae260, L_0x5573466ae610;
L_0x5573466ae720 .concat8 [ 4 4 0 0], LS_0x5573466ae720_0_0, LS_0x5573466ae720_0_4;
L_0x5573466aee40 .part v0x557346576710_0, 0, 1;
L_0x5573466af1a0 .part v0x557346576710_0, 1, 1;
L_0x5573466af4b0 .part v0x557346576710_0, 2, 1;
L_0x5573466af850 .part v0x557346576710_0, 3, 1;
L_0x5573466afb60 .part v0x557346576710_0, 4, 1;
L_0x5573466aff90 .part v0x557346576710_0, 5, 1;
L_0x5573466b0210 .part v0x557346576710_0, 6, 1;
L_0x5573466afd10 .part v0x557346576710_0, 7, 1;
LS_0x5573466b0740_0_0 .concat8 [ 1 1 1 1], L_0x5573466af010, L_0x5573466af2d0, L_0x5573466af670, L_0x5573466af980;
LS_0x5573466b0740_0_4 .concat8 [ 1 1 1 1], L_0x5573466afe40, L_0x5573466b00c0, L_0x5573466b03f0, L_0x5573466b0660;
L_0x5573466b0740 .concat8 [ 4 4 0 0], LS_0x5573466b0740_0_0, LS_0x5573466b0740_0_4;
L_0x5573466b0f20 .part v0x557346666460_0, 0, 1;
L_0x5573466b1a60 .part v0x557346666460_0, 1, 1;
L_0x5573466b1db0 .part v0x557346666460_0, 2, 1;
L_0x5573466b20a0 .part v0x557346666460_0, 3, 1;
L_0x5573466b2490 .part v0x557346666460_0, 4, 1;
L_0x5573466b2820 .part v0x557346666460_0, 5, 1;
L_0x5573466b2c20 .part v0x557346666460_0, 6, 1;
L_0x5573466b2f60 .part v0x557346666460_0, 7, 1;
LS_0x5573466b32a0_0_0 .concat8 [ 1 1 1 1], L_0x5573466b18f0, L_0x5573466b1c40, L_0x5573466b1ec0, L_0x5573466b22b0;
LS_0x5573466b32a0_0_4 .concat8 [ 1 1 1 1], L_0x5573466b26d0, L_0x5573466b2a40, L_0x5573466b2d50, L_0x5573466b3190;
L_0x5573466b32a0 .concat8 [ 4 4 0 0], LS_0x5573466b32a0_0_0, LS_0x5573466b32a0_0_4;
L_0x5573466b3a70 .part v0x55734666f500_0, 0, 1;
L_0x5573466b3f10 .part v0x55734666f500_0, 1, 1;
L_0x5573466b4220 .part v0x55734666f500_0, 2, 1;
L_0x5573466b4650 .part v0x55734666f500_0, 3, 1;
LS_0x5573466b4da0_0_0 .concat8 [ 1 1 1 1], L_0x5573466b3dc0, L_0x5573466b4040, L_0x5573466b4470, L_0x5573466b4780;
LS_0x5573466b4da0_0_4 .concat8 [ 1 1 1 1], L_0x5573466b48d0, L_0x5573466b4a20, L_0x5573466b4b70, L_0x5573466b4cc0;
L_0x5573466b4da0 .concat8 [ 4 4 0 0], LS_0x5573466b4da0_0_0, LS_0x5573466b4da0_0_4;
LS_0x5573466b5d60_0_0 .concat8 [ 1 1 1 1], L_0x5573466b5350, L_0x5573466b54a0, L_0x5573466b55f0, L_0x5573466b5740;
LS_0x5573466b5d60_0_4 .concat8 [ 1 1 1 1], L_0x5573466b5890, L_0x5573466b59e0, L_0x5573466b5b30, L_0x5573466b5c80;
L_0x5573466b5d60 .concat8 [ 4 4 0 0], LS_0x5573466b5d60_0_0, LS_0x5573466b5d60_0_4;
LS_0x5573466b7500_0_0 .concat8 [ 1 1 1 1], L_0x5573466b6300, L_0x5573466b6450, L_0x5573466b65a0, L_0x5573466b66f0;
LS_0x5573466b7500_0_4 .concat8 [ 1 1 1 1], L_0x5573466b6840, L_0x5573466b6990, L_0x5573466b72f0, L_0x5573466b7420;
L_0x5573466b7500 .concat8 [ 4 4 0 0], LS_0x5573466b7500_0_0, LS_0x5573466b7500_0_4;
LS_0x5573466b85f0_0_0 .concat8 [ 1 1 1 1], L_0x5573466b7be0, L_0x5573466b7d30, L_0x5573466b7e80, L_0x5573466b7fd0;
LS_0x5573466b85f0_0_4 .concat8 [ 1 1 1 1], L_0x5573466b8120, L_0x5573466b8270, L_0x5573466b83c0, L_0x5573466b8510;
L_0x5573466b85f0 .concat8 [ 4 4 0 0], LS_0x5573466b85f0_0_0, LS_0x5573466b85f0_0_4;
LS_0x5573466b9060_0_0 .concat8 [ 1 1 1 1], L_0x5573466b8b90, L_0x5573466b8ce0, L_0x5573466b8e30, L_0x5573466b8f80;
LS_0x5573466b9060_0_4 .concat8 [ 1 1 1 1], L_0x5573466ac190, L_0x5573466ac450, L_0x5573466ac710, L_0x5573466ac9e0;
L_0x5573466b9060 .concat8 [ 4 4 0 0], LS_0x5573466b9060_0_0, LS_0x5573466b9060_0_4;
S_0x55734663f040 .scope module, "_037_" "NOT" 5 95, 2 7 0, S_0x55734663d020;
 .timescale -9 -10;
    .port_info 0 /INPUT 1 "A"
    .port_info 1 /OUTPUT 1 "Y"
L_0x5573466abeb0 .functor NOT 1, L_0x5573466abfb0, C4<0>, C4<0>, C4<0>;
v0x55734665a590_0 .net "A", 0 0, L_0x5573466abfb0;  1 drivers
v0x5573466807d0_0 .net "Y", 0 0, L_0x5573466abeb0;  alias, 1 drivers
S_0x557346640290 .scope module, "_038_" "NOR" 5 99, 2 19 0, S_0x55734663d020;
 .timescale -9 -10;
    .port_info 0 /INPUT 1 "A"
    .port_info 1 /INPUT 1 "B"
    .port_info 2 /OUTPUT 1 "Y"
L_0x5573466ac100 .functor OR 1, v0x557346659a40_0, L_0x5573466abeb0, C4<0>, C4<0>;
L_0x5573466ac190 .functor NOT 1, L_0x5573466ac100, C4<0>, C4<0>, C4<0>;
v0x557346680990_0 .net "A", 0 0, v0x557346659a40_0;  alias, 1 drivers
v0x557346680a50_0 .net "B", 0 0, L_0x5573466abeb0;  alias, 1 drivers
v0x557346680af0_0 .net "Y", 0 0, L_0x5573466ac190;  1 drivers
v0x557346680b90_0 .net *"_s0", 0 0, L_0x5573466ac100;  1 drivers
S_0x557346641620 .scope module, "_039_" "NOT" 5 104, 2 7 0, S_0x55734663d020;
 .timescale -9 -10;
    .port_info 0 /INPUT 1 "A"
    .port_info 1 /OUTPUT 1 "Y"
L_0x5573466ac220 .functor NOT 1, L_0x5573466ac320, C4<0>, C4<0>, C4<0>;
v0x557346680d00_0 .net "A", 0 0, L_0x5573466ac320;  1 drivers
v0x557346680dc0_0 .net "Y", 0 0, L_0x5573466ac220;  alias, 1 drivers
S_0x557346680ee0 .scope module, "_040_" "NOR" 5 108, 2 19 0, S_0x55734663d020;
 .timescale -9 -10;
    .port_info 0 /INPUT 1 "A"
    .port_info 1 /INPUT 1 "B"
    .port_info 2 /OUTPUT 1 "Y"
L_0x5573466ac3c0 .functor OR 1, L_0x5573466ac220, v0x557346659a40_0, C4<0>, C4<0>;
L_0x5573466ac450 .functor NOT 1, L_0x5573466ac3c0, C4<0>, C4<0>, C4<0>;
v0x557346681100_0 .net "A", 0 0, L_0x5573466ac220;  alias, 1 drivers
v0x5573466811f0_0 .net "B", 0 0, v0x557346659a40_0;  alias, 1 drivers
v0x5573466812e0_0 .net "Y", 0 0, L_0x5573466ac450;  1 drivers
v0x557346681380_0 .net *"_s0", 0 0, L_0x5573466ac3c0;  1 drivers
S_0x5573466814c0 .scope module, "_041_" "NOT" 5 113, 2 7 0, S_0x55734663d020;
 .timescale -9 -10;
    .port_info 0 /INPUT 1 "A"
    .port_info 1 /OUTPUT 1 "Y"
L_0x5573466ac4e0 .functor NOT 1, L_0x5573466ac5e0, C4<0>, C4<0>, C4<0>;
v0x5573466816e0_0 .net "A", 0 0, L_0x5573466ac5e0;  1 drivers
v0x5573466817c0_0 .net "Y", 0 0, L_0x5573466ac4e0;  alias, 1 drivers
S_0x5573466818e0 .scope module, "_042_" "NOR" 5 117, 2 19 0, S_0x55734663d020;
 .timescale -9 -10;
    .port_info 0 /INPUT 1 "A"
    .port_info 1 /INPUT 1 "B"
    .port_info 2 /OUTPUT 1 "Y"
L_0x5573466ac680 .functor OR 1, L_0x5573466ac4e0, v0x557346659a40_0, C4<0>, C4<0>;
L_0x5573466ac710 .functor NOT 1, L_0x5573466ac680, C4<0>, C4<0>, C4<0>;
v0x557346681b00_0 .net "A", 0 0, L_0x5573466ac4e0;  alias, 1 drivers
v0x557346681bc0_0 .net "B", 0 0, v0x557346659a40_0;  alias, 1 drivers
v0x557346681c60_0 .net "Y", 0 0, L_0x5573466ac710;  1 drivers
v0x557346681d30_0 .net *"_s0", 0 0, L_0x5573466ac680;  1 drivers
S_0x557346681e70 .scope module, "_043_" "NOT" 5 122, 2 7 0, S_0x55734663d020;
 .timescale -9 -10;
    .port_info 0 /INPUT 1 "A"
    .port_info 1 /OUTPUT 1 "Y"
L_0x5573466ac7a0 .functor NOT 1, L_0x5573466ac8a0, C4<0>, C4<0>, C4<0>;
v0x557346682080_0 .net "A", 0 0, L_0x5573466ac8a0;  1 drivers
v0x557346682160_0 .net "Y", 0 0, L_0x5573466ac7a0;  alias, 1 drivers
S_0x557346682280 .scope module, "_044_" "NOR" 5 126, 2 19 0, S_0x55734663d020;
 .timescale -9 -10;
    .port_info 0 /INPUT 1 "A"
    .port_info 1 /INPUT 1 "B"
    .port_info 2 /OUTPUT 1 "Y"
L_0x5573466ac970 .functor OR 1, L_0x5573466ac7a0, v0x557346659a40_0, C4<0>, C4<0>;
L_0x5573466ac9e0 .functor NOT 1, L_0x5573466ac970, C4<0>, C4<0>, C4<0>;
v0x5573466824a0_0 .net "A", 0 0, L_0x5573466ac7a0;  alias, 1 drivers
v0x557346682590_0 .net "B", 0 0, v0x557346659a40_0;  alias, 1 drivers
v0x557346682630_0 .net "Y", 0 0, L_0x5573466ac9e0;  1 drivers
v0x557346682700_0 .net *"_s0", 0 0, L_0x5573466ac970;  1 drivers
S_0x557346682840 .scope module, "_045_" "NOT" 5 131, 2 7 0, S_0x55734663d020;
 .timescale -9 -10;
    .port_info 0 /INPUT 1 "A"
    .port_info 1 /OUTPUT 1 "Y"
L_0x5573466aca70 .functor NOT 1, v0x55734666fde0_0, C4<0>, C4<0>, C4<0>;
v0x557346682a00_0 .net "A", 0 0, v0x55734666fde0_0;  alias, 1 drivers
v0x557346682af0_0 .net "Y", 0 0, L_0x5573466aca70;  alias, 1 drivers
S_0x557346682bf0 .scope module, "_046_" "NOR" 5 135, 2 19 0, S_0x55734663d020;
 .timescale -9 -10;
    .port_info 0 /INPUT 1 "A"
    .port_info 1 /INPUT 1 "B"
    .port_info 2 /OUTPUT 1 "Y"
L_0x5573466acb90 .functor OR 1, L_0x5573466aca70, v0x557346659a40_0, C4<0>, C4<0>;
L_0x5573466acc20 .functor NOT 1, L_0x5573466acb90, C4<0>, C4<0>, C4<0>;
v0x557346682dc0_0 .net "A", 0 0, L_0x5573466aca70;  alias, 1 drivers
v0x557346682eb0_0 .net "B", 0 0, v0x557346659a40_0;  alias, 1 drivers
v0x557346682f50_0 .net "Y", 0 0, L_0x5573466acc20;  alias, 1 drivers
v0x557346683020_0 .net *"_s0", 0 0, L_0x5573466acb90;  1 drivers
S_0x557346683160 .scope module, "_047_" "NOT" 5 140, 2 7 0, S_0x55734663d020;
 .timescale -9 -10;
    .port_info 0 /INPUT 1 "A"
    .port_info 1 /OUTPUT 1 "Y"
L_0x5573466acd00 .functor NOT 1, L_0x5573466ace20, C4<0>, C4<0>, C4<0>;
v0x557346683370_0 .net "A", 0 0, L_0x5573466ace20;  1 drivers
v0x557346683450_0 .net "Y", 0 0, L_0x5573466acd00;  alias, 1 drivers
S_0x557346683570 .scope module, "_048_" "NOR" 5 144, 2 19 0, S_0x55734663d020;
 .timescale -9 -10;
    .port_info 0 /INPUT 1 "A"
    .port_info 1 /INPUT 1 "B"
    .port_info 2 /OUTPUT 1 "Y"
L_0x5573466acf50 .functor OR 1, L_0x5573466acd00, v0x557346659a40_0, C4<0>, C4<0>;
L_0x5573466acfe0 .functor NOT 1, L_0x5573466acf50, C4<0>, C4<0>, C4<0>;
v0x557346683790_0 .net "A", 0 0, L_0x5573466acd00;  alias, 1 drivers
v0x557346683880_0 .net "B", 0 0, v0x557346659a40_0;  alias, 1 drivers
v0x557346683920_0 .net "Y", 0 0, L_0x5573466acfe0;  1 drivers
v0x5573466839f0_0 .net *"_s0", 0 0, L_0x5573466acf50;  1 drivers
S_0x557346683b30 .scope module, "_049_" "NOT" 5 149, 2 7 0, S_0x55734663d020;
 .timescale -9 -10;
    .port_info 0 /INPUT 1 "A"
    .port_info 1 /OUTPUT 1 "Y"
L_0x5573466ad070 .functor NOT 1, L_0x5573466ad170, C4<0>, C4<0>, C4<0>;
v0x557346683d40_0 .net "A", 0 0, L_0x5573466ad170;  1 drivers
v0x557346683e20_0 .net "Y", 0 0, L_0x5573466ad070;  alias, 1 drivers
S_0x557346683f40 .scope module, "_050_" "NOR" 5 153, 2 19 0, S_0x55734663d020;
 .timescale -9 -10;
    .port_info 0 /INPUT 1 "A"
    .port_info 1 /INPUT 1 "B"
    .port_info 2 /OUTPUT 1 "Y"
L_0x5573466ad250 .functor OR 1, L_0x5573466ad070, v0x557346659a40_0, C4<0>, C4<0>;
L_0x5573466ad2e0 .functor NOT 1, L_0x5573466ad250, C4<0>, C4<0>, C4<0>;
v0x557346684160_0 .net "A", 0 0, L_0x5573466ad070;  alias, 1 drivers
v0x557346684250_0 .net "B", 0 0, v0x557346659a40_0;  alias, 1 drivers
v0x5573466842f0_0 .net "Y", 0 0, L_0x5573466ad2e0;  1 drivers
v0x5573466843c0_0 .net *"_s0", 0 0, L_0x5573466ad250;  1 drivers
S_0x557346684500 .scope module, "_051_" "NOT" 5 158, 2 7 0, S_0x55734663d020;
 .timescale -9 -10;
    .port_info 0 /INPUT 1 "A"
    .port_info 1 /OUTPUT 1 "Y"
L_0x5573466ad3c0 .functor NOT 1, L_0x5573466ad4c0, C4<0>, C4<0>, C4<0>;
v0x557346684710_0 .net "A", 0 0, L_0x5573466ad4c0;  1 drivers
v0x5573466847f0_0 .net "Y", 0 0, L_0x5573466ad3c0;  alias, 1 drivers
S_0x557346684910 .scope module, "_052_" "NOR" 5 162, 2 19 0, S_0x55734663d020;
 .timescale -9 -10;
    .port_info 0 /INPUT 1 "A"
    .port_info 1 /INPUT 1 "B"
    .port_info 2 /OUTPUT 1 "Y"
L_0x5573466ad560 .functor OR 1, L_0x5573466ad3c0, v0x557346659a40_0, C4<0>, C4<0>;
L_0x5573466ad5f0 .functor NOT 1, L_0x5573466ad560, C4<0>, C4<0>, C4<0>;
v0x557346684b30_0 .net "A", 0 0, L_0x5573466ad3c0;  alias, 1 drivers
v0x557346684c20_0 .net "B", 0 0, v0x557346659a40_0;  alias, 1 drivers
v0x557346684dd0_0 .net "Y", 0 0, L_0x5573466ad5f0;  1 drivers
v0x557346684ea0_0 .net *"_s0", 0 0, L_0x5573466ad560;  1 drivers
S_0x557346684fe0 .scope module, "_053_" "NOT" 5 167, 2 7 0, S_0x55734663d020;
 .timescale -9 -10;
    .port_info 0 /INPUT 1 "A"
    .port_info 1 /OUTPUT 1 "Y"
L_0x5573466ad6d0 .functor NOT 1, L_0x5573466ad7d0, C4<0>, C4<0>, C4<0>;
v0x557346685300_0 .net "A", 0 0, L_0x5573466ad7d0;  1 drivers
v0x5573466853e0_0 .net "Y", 0 0, L_0x5573466ad6d0;  alias, 1 drivers
S_0x557346685500 .scope module, "_054_" "NOR" 5 171, 2 19 0, S_0x55734663d020;
 .timescale -9 -10;
    .port_info 0 /INPUT 1 "A"
    .port_info 1 /INPUT 1 "B"
    .port_info 2 /OUTPUT 1 "Y"
L_0x5573466ad8c0 .functor OR 1, L_0x5573466ad6d0, v0x557346659a40_0, C4<0>, C4<0>;
L_0x5573466ad950 .functor NOT 1, L_0x5573466ad8c0, C4<0>, C4<0>, C4<0>;
v0x557346685720_0 .net "A", 0 0, L_0x5573466ad6d0;  alias, 1 drivers
v0x557346685810_0 .net "B", 0 0, v0x557346659a40_0;  alias, 1 drivers
v0x5573466858b0_0 .net "Y", 0 0, L_0x5573466ad950;  1 drivers
v0x557346685980_0 .net *"_s0", 0 0, L_0x5573466ad8c0;  1 drivers
S_0x557346685ac0 .scope module, "_055_" "NOT" 5 176, 2 7 0, S_0x55734663d020;
 .timescale -9 -10;
    .port_info 0 /INPUT 1 "A"
    .port_info 1 /OUTPUT 1 "Y"
L_0x5573466ada30 .functor NOT 1, L_0x5573466adb30, C4<0>, C4<0>, C4<0>;
v0x557346685cd0_0 .net "A", 0 0, L_0x5573466adb30;  1 drivers
v0x557346685db0_0 .net "Y", 0 0, L_0x5573466ada30;  alias, 1 drivers
S_0x557346685ed0 .scope module, "_056_" "NOR" 5 180, 2 19 0, S_0x55734663d020;
 .timescale -9 -10;
    .port_info 0 /INPUT 1 "A"
    .port_info 1 /INPUT 1 "B"
    .port_info 2 /OUTPUT 1 "Y"
L_0x5573466adbd0 .functor OR 1, L_0x5573466ada30, v0x557346659a40_0, C4<0>, C4<0>;
L_0x5573466adc60 .functor NOT 1, L_0x5573466adbd0, C4<0>, C4<0>, C4<0>;
v0x5573466860f0_0 .net "A", 0 0, L_0x5573466ada30;  alias, 1 drivers
v0x5573466861e0_0 .net "B", 0 0, v0x557346659a40_0;  alias, 1 drivers
v0x557346686280_0 .net "Y", 0 0, L_0x5573466adc60;  1 drivers
v0x557346686350_0 .net *"_s0", 0 0, L_0x5573466adbd0;  1 drivers
S_0x557346686490 .scope module, "_057_" "NOT" 5 185, 2 7 0, S_0x55734663d020;
 .timescale -9 -10;
    .port_info 0 /INPUT 1 "A"
    .port_info 1 /OUTPUT 1 "Y"
L_0x5573466add70 .functor NOT 1, L_0x5573466adde0, C4<0>, C4<0>, C4<0>;
v0x5573466866a0_0 .net "A", 0 0, L_0x5573466adde0;  1 drivers
v0x557346686780_0 .net "Y", 0 0, L_0x5573466add70;  alias, 1 drivers
S_0x5573466868a0 .scope module, "_058_" "NOR" 5 189, 2 19 0, S_0x55734663d020;
 .timescale -9 -10;
    .port_info 0 /INPUT 1 "A"
    .port_info 1 /INPUT 1 "B"
    .port_info 2 /OUTPUT 1 "Y"
L_0x5573466adee0 .functor OR 1, L_0x5573466add70, v0x557346659a40_0, C4<0>, C4<0>;
L_0x5573466adf70 .functor NOT 1, L_0x5573466adee0, C4<0>, C4<0>, C4<0>;
v0x557346686ac0_0 .net "A", 0 0, L_0x5573466add70;  alias, 1 drivers
v0x557346686bb0_0 .net "B", 0 0, v0x557346659a40_0;  alias, 1 drivers
v0x557346686c50_0 .net "Y", 0 0, L_0x5573466adf70;  1 drivers
v0x557346686d20_0 .net *"_s0", 0 0, L_0x5573466adee0;  1 drivers
S_0x557346686e60 .scope module, "_059_" "NOT" 5 194, 2 7 0, S_0x55734663d020;
 .timescale -9 -10;
    .port_info 0 /INPUT 1 "A"
    .port_info 1 /OUTPUT 1 "Y"
L_0x5573466ae030 .functor NOT 1, L_0x5573466ae130, C4<0>, C4<0>, C4<0>;
v0x557346687070_0 .net "A", 0 0, L_0x5573466ae130;  1 drivers
v0x557346687150_0 .net "Y", 0 0, L_0x5573466ae030;  alias, 1 drivers
S_0x557346687270 .scope module, "_060_" "NOR" 5 198, 2 19 0, S_0x55734663d020;
 .timescale -9 -10;
    .port_info 0 /INPUT 1 "A"
    .port_info 1 /INPUT 1 "B"
    .port_info 2 /OUTPUT 1 "Y"
L_0x5573466ae1d0 .functor OR 1, L_0x5573466ae030, v0x557346659a40_0, C4<0>, C4<0>;
L_0x5573466ae260 .functor NOT 1, L_0x5573466ae1d0, C4<0>, C4<0>, C4<0>;
v0x557346687490_0 .net "A", 0 0, L_0x5573466ae030;  alias, 1 drivers
v0x557346687580_0 .net "B", 0 0, v0x557346659a40_0;  alias, 1 drivers
v0x557346687620_0 .net "Y", 0 0, L_0x5573466ae260;  1 drivers
v0x5573466876f0_0 .net *"_s0", 0 0, L_0x5573466ae1d0;  1 drivers
S_0x557346687830 .scope module, "_061_" "NOT" 5 203, 2 7 0, S_0x55734663d020;
 .timescale -9 -10;
    .port_info 0 /INPUT 1 "A"
    .port_info 1 /OUTPUT 1 "Y"
L_0x5573466ae370 .functor NOT 1, L_0x5573466ae470, C4<0>, C4<0>, C4<0>;
v0x557346687a40_0 .net "A", 0 0, L_0x5573466ae470;  1 drivers
v0x557346687b20_0 .net "Y", 0 0, L_0x5573466ae370;  alias, 1 drivers
S_0x557346687c40 .scope module, "_062_" "NOR" 5 207, 2 19 0, S_0x55734663d020;
 .timescale -9 -10;
    .port_info 0 /INPUT 1 "A"
    .port_info 1 /INPUT 1 "B"
    .port_info 2 /OUTPUT 1 "Y"
L_0x5573466ae580 .functor OR 1, L_0x5573466ae370, v0x557346659a40_0, C4<0>, C4<0>;
L_0x5573466ae610 .functor NOT 1, L_0x5573466ae580, C4<0>, C4<0>, C4<0>;
v0x557346687e60_0 .net "A", 0 0, L_0x5573466ae370;  alias, 1 drivers
v0x557346687f50_0 .net "B", 0 0, v0x557346659a40_0;  alias, 1 drivers
v0x557346687ff0_0 .net "Y", 0 0, L_0x5573466ae610;  1 drivers
v0x5573466880c0_0 .net *"_s0", 0 0, L_0x5573466ae580;  1 drivers
S_0x557346688200 .scope module, "_063_" "NOT" 5 212, 2 7 0, S_0x55734663d020;
 .timescale -9 -10;
    .port_info 0 /INPUT 1 "A"
    .port_info 1 /OUTPUT 1 "Y"
L_0x5573466aeae0 .functor NOT 1, v0x55734666fd20_0, C4<0>, C4<0>, C4<0>;
v0x557346688410_0 .net "A", 0 0, v0x55734666fd20_0;  alias, 1 drivers
v0x557346688500_0 .net "Y", 0 0, L_0x5573466aeae0;  alias, 1 drivers
S_0x557346688600 .scope module, "_064_" "NOR" 5 216, 2 19 0, S_0x55734663d020;
 .timescale -9 -10;
    .port_info 0 /INPUT 1 "A"
    .port_info 1 /INPUT 1 "B"
    .port_info 2 /OUTPUT 1 "Y"
L_0x5573466aec00 .functor OR 1, L_0x5573466aeae0, v0x557346659a40_0, C4<0>, C4<0>;
L_0x5573466aec90 .functor NOT 1, L_0x5573466aec00, C4<0>, C4<0>, C4<0>;
v0x557346688820_0 .net "A", 0 0, L_0x5573466aeae0;  alias, 1 drivers
v0x557346688910_0 .net "B", 0 0, v0x557346659a40_0;  alias, 1 drivers
v0x5573466889b0_0 .net "Y", 0 0, L_0x5573466aec90;  alias, 1 drivers
v0x557346688a80_0 .net *"_s0", 0 0, L_0x5573466aec00;  1 drivers
S_0x557346688bc0 .scope module, "_065_" "NOT" 5 221, 2 7 0, S_0x55734663d020;
 .timescale -9 -10;
    .port_info 0 /INPUT 1 "A"
    .port_info 1 /OUTPUT 1 "Y"
L_0x5573466aed20 .functor NOT 1, L_0x5573466aee40, C4<0>, C4<0>, C4<0>;
v0x557346688dd0_0 .net "A", 0 0, L_0x5573466aee40;  1 drivers
v0x557346688eb0_0 .net "Y", 0 0, L_0x5573466aed20;  alias, 1 drivers
S_0x557346688fd0 .scope module, "_066_" "NOR" 5 225, 2 19 0, S_0x55734663d020;
 .timescale -9 -10;
    .port_info 0 /INPUT 1 "A"
    .port_info 1 /INPUT 1 "B"
    .port_info 2 /OUTPUT 1 "Y"
L_0x5573466ae510 .functor OR 1, L_0x5573466aed20, v0x557346659a40_0, C4<0>, C4<0>;
L_0x5573466af010 .functor NOT 1, L_0x5573466ae510, C4<0>, C4<0>, C4<0>;
v0x5573466891f0_0 .net "A", 0 0, L_0x5573466aed20;  alias, 1 drivers
v0x5573466892e0_0 .net "B", 0 0, v0x557346659a40_0;  alias, 1 drivers
v0x557346689380_0 .net "Y", 0 0, L_0x5573466af010;  1 drivers
v0x557346689450_0 .net *"_s0", 0 0, L_0x5573466ae510;  1 drivers
S_0x557346689590 .scope module, "_067_" "NOT" 5 230, 2 7 0, S_0x55734663d020;
 .timescale -9 -10;
    .port_info 0 /INPUT 1 "A"
    .port_info 1 /OUTPUT 1 "Y"
L_0x5573466af0a0 .functor NOT 1, L_0x5573466af1a0, C4<0>, C4<0>, C4<0>;
v0x5573466897a0_0 .net "A", 0 0, L_0x5573466af1a0;  1 drivers
v0x557346689880_0 .net "Y", 0 0, L_0x5573466af0a0;  alias, 1 drivers
S_0x5573466899a0 .scope module, "_068_" "NOR" 5 234, 2 19 0, S_0x55734663d020;
 .timescale -9 -10;
    .port_info 0 /INPUT 1 "A"
    .port_info 1 /INPUT 1 "B"
    .port_info 2 /OUTPUT 1 "Y"
L_0x5573466af240 .functor OR 1, L_0x5573466af0a0, v0x557346659a40_0, C4<0>, C4<0>;
L_0x5573466af2d0 .functor NOT 1, L_0x5573466af240, C4<0>, C4<0>, C4<0>;
v0x557346689bc0_0 .net "A", 0 0, L_0x5573466af0a0;  alias, 1 drivers
v0x557346689cb0_0 .net "B", 0 0, v0x557346659a40_0;  alias, 1 drivers
v0x557346689d50_0 .net "Y", 0 0, L_0x5573466af2d0;  1 drivers
v0x557346689e20_0 .net *"_s0", 0 0, L_0x5573466af240;  1 drivers
S_0x557346689f60 .scope module, "_069_" "NOT" 5 239, 2 7 0, S_0x55734663d020;
 .timescale -9 -10;
    .port_info 0 /INPUT 1 "A"
    .port_info 1 /OUTPUT 1 "Y"
L_0x5573466af3b0 .functor NOT 1, L_0x5573466af4b0, C4<0>, C4<0>, C4<0>;
v0x55734668a380_0 .net "A", 0 0, L_0x5573466af4b0;  1 drivers
v0x55734668a460_0 .net "Y", 0 0, L_0x5573466af3b0;  alias, 1 drivers
S_0x55734668a580 .scope module, "_070_" "NOR" 5 243, 2 19 0, S_0x55734663d020;
 .timescale -9 -10;
    .port_info 0 /INPUT 1 "A"
    .port_info 1 /INPUT 1 "B"
    .port_info 2 /OUTPUT 1 "Y"
L_0x5573466af5e0 .functor OR 1, L_0x5573466af3b0, v0x557346659a40_0, C4<0>, C4<0>;
L_0x5573466af670 .functor NOT 1, L_0x5573466af5e0, C4<0>, C4<0>, C4<0>;
v0x55734668a7a0_0 .net "A", 0 0, L_0x5573466af3b0;  alias, 1 drivers
v0x55734668a890_0 .net "B", 0 0, v0x557346659a40_0;  alias, 1 drivers
v0x55734668a930_0 .net "Y", 0 0, L_0x5573466af670;  1 drivers
v0x55734668aa00_0 .net *"_s0", 0 0, L_0x5573466af5e0;  1 drivers
S_0x55734668ab40 .scope module, "_071_" "NOT" 5 248, 2 7 0, S_0x55734663d020;
 .timescale -9 -10;
    .port_info 0 /INPUT 1 "A"
    .port_info 1 /OUTPUT 1 "Y"
L_0x5573466af750 .functor NOT 1, L_0x5573466af850, C4<0>, C4<0>, C4<0>;
v0x55734668ad50_0 .net "A", 0 0, L_0x5573466af850;  1 drivers
v0x55734668ae30_0 .net "Y", 0 0, L_0x5573466af750;  alias, 1 drivers
S_0x55734668af50 .scope module, "_072_" "NOR" 5 252, 2 19 0, S_0x55734663d020;
 .timescale -9 -10;
    .port_info 0 /INPUT 1 "A"
    .port_info 1 /INPUT 1 "B"
    .port_info 2 /OUTPUT 1 "Y"
L_0x5573466af8f0 .functor OR 1, L_0x5573466af750, v0x557346659a40_0, C4<0>, C4<0>;
L_0x5573466af980 .functor NOT 1, L_0x5573466af8f0, C4<0>, C4<0>, C4<0>;
v0x55734668b170_0 .net "A", 0 0, L_0x5573466af750;  alias, 1 drivers
v0x55734668b260_0 .net "B", 0 0, v0x557346659a40_0;  alias, 1 drivers
v0x55734668b300_0 .net "Y", 0 0, L_0x5573466af980;  1 drivers
v0x55734668b3d0_0 .net *"_s0", 0 0, L_0x5573466af8f0;  1 drivers
S_0x55734668b510 .scope module, "_073_" "NOT" 5 257, 2 7 0, S_0x55734663d020;
 .timescale -9 -10;
    .port_info 0 /INPUT 1 "A"
    .port_info 1 /OUTPUT 1 "Y"
L_0x5573466afa60 .functor NOT 1, L_0x5573466afb60, C4<0>, C4<0>, C4<0>;
v0x55734668b720_0 .net "A", 0 0, L_0x5573466afb60;  1 drivers
v0x55734668b800_0 .net "Y", 0 0, L_0x5573466afa60;  alias, 1 drivers
S_0x55734668b920 .scope module, "_074_" "NOR" 5 261, 2 19 0, S_0x55734663d020;
 .timescale -9 -10;
    .port_info 0 /INPUT 1 "A"
    .port_info 1 /INPUT 1 "B"
    .port_info 2 /OUTPUT 1 "Y"
L_0x5573466afdb0 .functor OR 1, L_0x5573466afa60, v0x557346659a40_0, C4<0>, C4<0>;
L_0x5573466afe40 .functor NOT 1, L_0x5573466afdb0, C4<0>, C4<0>, C4<0>;
v0x55734668bb40_0 .net "A", 0 0, L_0x5573466afa60;  alias, 1 drivers
v0x55734668bc30_0 .net "B", 0 0, v0x557346659a40_0;  alias, 1 drivers
v0x55734668bcd0_0 .net "Y", 0 0, L_0x5573466afe40;  1 drivers
v0x55734668bda0_0 .net *"_s0", 0 0, L_0x5573466afdb0;  1 drivers
S_0x55734668bee0 .scope module, "_075_" "NOT" 5 266, 2 7 0, S_0x55734663d020;
 .timescale -9 -10;
    .port_info 0 /INPUT 1 "A"
    .port_info 1 /OUTPUT 1 "Y"
L_0x5573466aff20 .functor NOT 1, L_0x5573466aff90, C4<0>, C4<0>, C4<0>;
v0x55734668c0f0_0 .net "A", 0 0, L_0x5573466aff90;  1 drivers
v0x55734668c1d0_0 .net "Y", 0 0, L_0x5573466aff20;  alias, 1 drivers
S_0x55734668c2f0 .scope module, "_076_" "NOR" 5 270, 2 19 0, S_0x55734663d020;
 .timescale -9 -10;
    .port_info 0 /INPUT 1 "A"
    .port_info 1 /INPUT 1 "B"
    .port_info 2 /OUTPUT 1 "Y"
L_0x5573466b0030 .functor OR 1, L_0x5573466aff20, v0x557346659a40_0, C4<0>, C4<0>;
L_0x5573466b00c0 .functor NOT 1, L_0x5573466b0030, C4<0>, C4<0>, C4<0>;
v0x55734668c510_0 .net "A", 0 0, L_0x5573466aff20;  alias, 1 drivers
v0x55734668c600_0 .net "B", 0 0, v0x557346659a40_0;  alias, 1 drivers
v0x55734668c6a0_0 .net "Y", 0 0, L_0x5573466b00c0;  1 drivers
v0x55734668c770_0 .net *"_s0", 0 0, L_0x5573466b0030;  1 drivers
S_0x55734668c8b0 .scope module, "_077_" "NOT" 5 275, 2 7 0, S_0x55734663d020;
 .timescale -9 -10;
    .port_info 0 /INPUT 1 "A"
    .port_info 1 /OUTPUT 1 "Y"
L_0x5573466b01a0 .functor NOT 1, L_0x5573466b0210, C4<0>, C4<0>, C4<0>;
v0x55734668cac0_0 .net "A", 0 0, L_0x5573466b0210;  1 drivers
v0x55734668cba0_0 .net "Y", 0 0, L_0x5573466b01a0;  alias, 1 drivers
S_0x55734668ccc0 .scope module, "_078_" "NOR" 5 279, 2 19 0, S_0x55734663d020;
 .timescale -9 -10;
    .port_info 0 /INPUT 1 "A"
    .port_info 1 /INPUT 1 "B"
    .port_info 2 /OUTPUT 1 "Y"
L_0x5573466b0360 .functor OR 1, L_0x5573466b01a0, v0x557346659a40_0, C4<0>, C4<0>;
L_0x5573466b03f0 .functor NOT 1, L_0x5573466b0360, C4<0>, C4<0>, C4<0>;
v0x55734668cee0_0 .net "A", 0 0, L_0x5573466b01a0;  alias, 1 drivers
v0x55734668cfd0_0 .net "B", 0 0, v0x557346659a40_0;  alias, 1 drivers
v0x55734668d070_0 .net "Y", 0 0, L_0x5573466b03f0;  1 drivers
v0x55734668d140_0 .net *"_s0", 0 0, L_0x5573466b0360;  1 drivers
S_0x55734668d280 .scope module, "_079_" "NOT" 5 284, 2 7 0, S_0x55734663d020;
 .timescale -9 -10;
    .port_info 0 /INPUT 1 "A"
    .port_info 1 /OUTPUT 1 "Y"
L_0x5573466b04d0 .functor NOT 1, L_0x5573466afd10, C4<0>, C4<0>, C4<0>;
v0x55734668d490_0 .net "A", 0 0, L_0x5573466afd10;  1 drivers
v0x55734668d570_0 .net "Y", 0 0, L_0x5573466b04d0;  alias, 1 drivers
S_0x55734668d690 .scope module, "_080_" "NOR" 5 288, 2 19 0, S_0x55734663d020;
 .timescale -9 -10;
    .port_info 0 /INPUT 1 "A"
    .port_info 1 /INPUT 1 "B"
    .port_info 2 /OUTPUT 1 "Y"
L_0x5573466b05d0 .functor OR 1, L_0x5573466b04d0, v0x557346659a40_0, C4<0>, C4<0>;
L_0x5573466b0660 .functor NOT 1, L_0x5573466b05d0, C4<0>, C4<0>, C4<0>;
v0x55734668d8b0_0 .net "A", 0 0, L_0x5573466b04d0;  alias, 1 drivers
v0x55734668d9a0_0 .net "B", 0 0, v0x557346659a40_0;  alias, 1 drivers
v0x55734668da40_0 .net "Y", 0 0, L_0x5573466b0660;  1 drivers
v0x55734668db10_0 .net *"_s0", 0 0, L_0x5573466b05d0;  1 drivers
S_0x55734668dc50 .scope module, "_081_" "NOT" 5 293, 2 7 0, S_0x55734663d020;
 .timescale -9 -10;
    .port_info 0 /INPUT 1 "A"
    .port_info 1 /OUTPUT 1 "Y"
L_0x5573466b0bc0 .functor NOT 1, v0x55734666fc60_0, C4<0>, C4<0>, C4<0>;
v0x55734668de60_0 .net "A", 0 0, v0x55734666fc60_0;  alias, 1 drivers
v0x55734668df50_0 .net "Y", 0 0, L_0x5573466b0bc0;  alias, 1 drivers
S_0x55734668e050 .scope module, "_082_" "NOR" 5 297, 2 19 0, S_0x55734663d020;
 .timescale -9 -10;
    .port_info 0 /INPUT 1 "A"
    .port_info 1 /INPUT 1 "B"
    .port_info 2 /OUTPUT 1 "Y"
L_0x5573466b0ce0 .functor OR 1, L_0x5573466b0bc0, v0x557346659a40_0, C4<0>, C4<0>;
L_0x5573466b0d70 .functor NOT 1, L_0x5573466b0ce0, C4<0>, C4<0>, C4<0>;
v0x55734668e270_0 .net "A", 0 0, L_0x5573466b0bc0;  alias, 1 drivers
v0x55734668e360_0 .net "B", 0 0, v0x557346659a40_0;  alias, 1 drivers
v0x55734668e400_0 .net "Y", 0 0, L_0x5573466b0d70;  alias, 1 drivers
v0x55734668e4d0_0 .net *"_s0", 0 0, L_0x5573466b0ce0;  1 drivers
S_0x55734668e610 .scope module, "_083_" "NOT" 5 302, 2 7 0, S_0x55734663d020;
 .timescale -9 -10;
    .port_info 0 /INPUT 1 "A"
    .port_info 1 /OUTPUT 1 "Y"
L_0x5573466b0e00 .functor NOT 1, L_0x5573466b0f20, C4<0>, C4<0>, C4<0>;
v0x55734668e820_0 .net "A", 0 0, L_0x5573466b0f20;  1 drivers
v0x55734668e900_0 .net "Y", 0 0, L_0x5573466b0e00;  alias, 1 drivers
S_0x55734668ea20 .scope module, "_084_" "NOR" 5 306, 2 19 0, S_0x55734663d020;
 .timescale -9 -10;
    .port_info 0 /INPUT 1 "A"
    .port_info 1 /INPUT 1 "B"
    .port_info 2 /OUTPUT 1 "Y"
L_0x5573466b1050 .functor OR 1, L_0x5573466b0e00, v0x557346659a40_0, C4<0>, C4<0>;
L_0x5573466b18f0 .functor NOT 1, L_0x5573466b1050, C4<0>, C4<0>, C4<0>;
v0x55734668ec40_0 .net "A", 0 0, L_0x5573466b0e00;  alias, 1 drivers
v0x55734668ed30_0 .net "B", 0 0, v0x557346659a40_0;  alias, 1 drivers
v0x55734668edd0_0 .net "Y", 0 0, L_0x5573466b18f0;  1 drivers
v0x55734668eea0_0 .net *"_s0", 0 0, L_0x5573466b1050;  1 drivers
S_0x55734668efe0 .scope module, "_085_" "NOT" 5 311, 2 7 0, S_0x55734663d020;
 .timescale -9 -10;
    .port_info 0 /INPUT 1 "A"
    .port_info 1 /OUTPUT 1 "Y"
L_0x5573466b1960 .functor NOT 1, L_0x5573466b1a60, C4<0>, C4<0>, C4<0>;
v0x55734668f1f0_0 .net "A", 0 0, L_0x5573466b1a60;  1 drivers
v0x55734668f2d0_0 .net "Y", 0 0, L_0x5573466b1960;  alias, 1 drivers
S_0x55734668f3f0 .scope module, "_086_" "NOR" 5 315, 2 19 0, S_0x55734663d020;
 .timescale -9 -10;
    .port_info 0 /INPUT 1 "A"
    .port_info 1 /INPUT 1 "B"
    .port_info 2 /OUTPUT 1 "Y"
L_0x5573466b1bd0 .functor OR 1, L_0x5573466b1960, v0x557346659a40_0, C4<0>, C4<0>;
L_0x5573466b1c40 .functor NOT 1, L_0x5573466b1bd0, C4<0>, C4<0>, C4<0>;
v0x55734668f610_0 .net "A", 0 0, L_0x5573466b1960;  alias, 1 drivers
v0x55734668f700_0 .net "B", 0 0, v0x557346659a40_0;  alias, 1 drivers
v0x55734668f7a0_0 .net "Y", 0 0, L_0x5573466b1c40;  1 drivers
v0x55734668f870_0 .net *"_s0", 0 0, L_0x5573466b1bd0;  1 drivers
S_0x55734668f9b0 .scope module, "_087_" "NOT" 5 320, 2 7 0, S_0x55734663d020;
 .timescale -9 -10;
    .port_info 0 /INPUT 1 "A"
    .port_info 1 /OUTPUT 1 "Y"
L_0x5573466b1cb0 .functor NOT 1, L_0x5573466b1db0, C4<0>, C4<0>, C4<0>;
v0x55734668fbc0_0 .net "A", 0 0, L_0x5573466b1db0;  1 drivers
v0x55734668fca0_0 .net "Y", 0 0, L_0x5573466b1cb0;  alias, 1 drivers
S_0x55734668fdc0 .scope module, "_088_" "NOR" 5 324, 2 19 0, S_0x55734663d020;
 .timescale -9 -10;
    .port_info 0 /INPUT 1 "A"
    .port_info 1 /INPUT 1 "B"
    .port_info 2 /OUTPUT 1 "Y"
L_0x5573466b1e50 .functor OR 1, L_0x5573466b1cb0, v0x557346659a40_0, C4<0>, C4<0>;
L_0x5573466b1ec0 .functor NOT 1, L_0x5573466b1e50, C4<0>, C4<0>, C4<0>;
v0x55734668ffe0_0 .net "A", 0 0, L_0x5573466b1cb0;  alias, 1 drivers
v0x5573466900d0_0 .net "B", 0 0, v0x557346659a40_0;  alias, 1 drivers
v0x557346690170_0 .net "Y", 0 0, L_0x5573466b1ec0;  1 drivers
v0x557346690240_0 .net *"_s0", 0 0, L_0x5573466b1e50;  1 drivers
S_0x557346690380 .scope module, "_089_" "NOT" 5 329, 2 7 0, S_0x55734663d020;
 .timescale -9 -10;
    .port_info 0 /INPUT 1 "A"
    .port_info 1 /OUTPUT 1 "Y"
L_0x5573466b1fa0 .functor NOT 1, L_0x5573466b20a0, C4<0>, C4<0>, C4<0>;
v0x557346690590_0 .net "A", 0 0, L_0x5573466b20a0;  1 drivers
v0x557346690670_0 .net "Y", 0 0, L_0x5573466b1fa0;  alias, 1 drivers
S_0x557346690790 .scope module, "_090_" "NOR" 5 333, 2 19 0, S_0x55734663d020;
 .timescale -9 -10;
    .port_info 0 /INPUT 1 "A"
    .port_info 1 /INPUT 1 "B"
    .port_info 2 /OUTPUT 1 "Y"
L_0x5573466b2220 .functor OR 1, L_0x5573466b1fa0, v0x557346659a40_0, C4<0>, C4<0>;
L_0x5573466b22b0 .functor NOT 1, L_0x5573466b2220, C4<0>, C4<0>, C4<0>;
v0x5573466909b0_0 .net "A", 0 0, L_0x5573466b1fa0;  alias, 1 drivers
v0x557346690aa0_0 .net "B", 0 0, v0x557346659a40_0;  alias, 1 drivers
v0x557346690b40_0 .net "Y", 0 0, L_0x5573466b22b0;  1 drivers
v0x557346690c10_0 .net *"_s0", 0 0, L_0x5573466b2220;  1 drivers
S_0x557346690d50 .scope module, "_091_" "NOT" 5 338, 2 7 0, S_0x55734663d020;
 .timescale -9 -10;
    .port_info 0 /INPUT 1 "A"
    .port_info 1 /OUTPUT 1 "Y"
L_0x5573466b2390 .functor NOT 1, L_0x5573466b2490, C4<0>, C4<0>, C4<0>;
v0x557346690f60_0 .net "A", 0 0, L_0x5573466b2490;  1 drivers
v0x557346691040_0 .net "Y", 0 0, L_0x5573466b2390;  alias, 1 drivers
S_0x557346691160 .scope module, "_092_" "NOR" 5 342, 2 19 0, S_0x55734663d020;
 .timescale -9 -10;
    .port_info 0 /INPUT 1 "A"
    .port_info 1 /INPUT 1 "B"
    .port_info 2 /OUTPUT 1 "Y"
L_0x5573466b2640 .functor OR 1, L_0x5573466b2390, v0x557346659a40_0, C4<0>, C4<0>;
L_0x5573466b26d0 .functor NOT 1, L_0x5573466b2640, C4<0>, C4<0>, C4<0>;
v0x557346691380_0 .net "A", 0 0, L_0x5573466b2390;  alias, 1 drivers
v0x557346691470_0 .net "B", 0 0, v0x557346659a40_0;  alias, 1 drivers
v0x557346691510_0 .net "Y", 0 0, L_0x5573466b26d0;  1 drivers
v0x5573466915e0_0 .net *"_s0", 0 0, L_0x5573466b2640;  1 drivers
S_0x557346691720 .scope module, "_093_" "NOT" 5 347, 2 7 0, S_0x55734663d020;
 .timescale -9 -10;
    .port_info 0 /INPUT 1 "A"
    .port_info 1 /OUTPUT 1 "Y"
L_0x5573466b27b0 .functor NOT 1, L_0x5573466b2820, C4<0>, C4<0>, C4<0>;
v0x557346691930_0 .net "A", 0 0, L_0x5573466b2820;  1 drivers
v0x557346691a10_0 .net "Y", 0 0, L_0x5573466b27b0;  alias, 1 drivers
S_0x557346691b30 .scope module, "_094_" "NOR" 5 351, 2 19 0, S_0x55734663d020;
 .timescale -9 -10;
    .port_info 0 /INPUT 1 "A"
    .port_info 1 /INPUT 1 "B"
    .port_info 2 /OUTPUT 1 "Y"
L_0x5573466b29b0 .functor OR 1, L_0x5573466b27b0, v0x557346659a40_0, C4<0>, C4<0>;
L_0x5573466b2a40 .functor NOT 1, L_0x5573466b29b0, C4<0>, C4<0>, C4<0>;
v0x557346691d50_0 .net "A", 0 0, L_0x5573466b27b0;  alias, 1 drivers
v0x557346691e40_0 .net "B", 0 0, v0x557346659a40_0;  alias, 1 drivers
v0x557346691ee0_0 .net "Y", 0 0, L_0x5573466b2a40;  1 drivers
v0x557346691fb0_0 .net *"_s0", 0 0, L_0x5573466b29b0;  1 drivers
S_0x5573466920f0 .scope module, "_095_" "NOT" 5 356, 2 7 0, S_0x55734663d020;
 .timescale -9 -10;
    .port_info 0 /INPUT 1 "A"
    .port_info 1 /OUTPUT 1 "Y"
L_0x5573466b2b20 .functor NOT 1, L_0x5573466b2c20, C4<0>, C4<0>, C4<0>;
v0x557346692300_0 .net "A", 0 0, L_0x5573466b2c20;  1 drivers
v0x5573466923e0_0 .net "Y", 0 0, L_0x5573466b2b20;  alias, 1 drivers
S_0x557346692500 .scope module, "_096_" "NOR" 5 360, 2 19 0, S_0x55734663d020;
 .timescale -9 -10;
    .port_info 0 /INPUT 1 "A"
    .port_info 1 /INPUT 1 "B"
    .port_info 2 /OUTPUT 1 "Y"
L_0x5573466b2cc0 .functor OR 1, L_0x5573466b2b20, v0x557346659a40_0, C4<0>, C4<0>;
L_0x5573466b2d50 .functor NOT 1, L_0x5573466b2cc0, C4<0>, C4<0>, C4<0>;
v0x557346692720_0 .net "A", 0 0, L_0x5573466b2b20;  alias, 1 drivers
v0x557346692810_0 .net "B", 0 0, v0x557346659a40_0;  alias, 1 drivers
v0x5573466928b0_0 .net "Y", 0 0, L_0x5573466b2d50;  1 drivers
v0x557346692980_0 .net *"_s0", 0 0, L_0x5573466b2cc0;  1 drivers
S_0x557346692ac0 .scope module, "_097_" "NOT" 5 365, 2 7 0, S_0x55734663d020;
 .timescale -9 -10;
    .port_info 0 /INPUT 1 "A"
    .port_info 1 /OUTPUT 1 "Y"
L_0x5573466b2e60 .functor NOT 1, L_0x5573466b2f60, C4<0>, C4<0>, C4<0>;
v0x557346692cd0_0 .net "A", 0 0, L_0x5573466b2f60;  1 drivers
v0x557346692db0_0 .net "Y", 0 0, L_0x5573466b2e60;  alias, 1 drivers
S_0x557346692ed0 .scope module, "_098_" "NOR" 5 369, 2 19 0, S_0x55734663d020;
 .timescale -9 -10;
    .port_info 0 /INPUT 1 "A"
    .port_info 1 /INPUT 1 "B"
    .port_info 2 /OUTPUT 1 "Y"
L_0x5573466b3100 .functor OR 1, L_0x5573466b2e60, v0x557346659a40_0, C4<0>, C4<0>;
L_0x5573466b3190 .functor NOT 1, L_0x5573466b3100, C4<0>, C4<0>, C4<0>;
v0x5573466930f0_0 .net "A", 0 0, L_0x5573466b2e60;  alias, 1 drivers
v0x5573466931e0_0 .net "B", 0 0, v0x557346659a40_0;  alias, 1 drivers
v0x557346693280_0 .net "Y", 0 0, L_0x5573466b3190;  1 drivers
v0x557346693350_0 .net *"_s0", 0 0, L_0x5573466b3100;  1 drivers
S_0x557346693490 .scope module, "_099_" "NOT" 5 374, 2 7 0, S_0x55734663d020;
 .timescale -9 -10;
    .port_info 0 /INPUT 1 "A"
    .port_info 1 /OUTPUT 1 "Y"
L_0x5573466b3660 .functor NOT 1, v0x557346659a40_0, C4<0>, C4<0>, C4<0>;
v0x5573466936a0_0 .net "A", 0 0, v0x557346659a40_0;  alias, 1 drivers
v0x557346693760_0 .net "Y", 0 0, L_0x5573466b3660;  alias, 1 drivers
S_0x557346693880 .scope module, "_100_" "NOT" 5 378, 2 7 0, S_0x55734663d020;
 .timescale -9 -10;
    .port_info 0 /INPUT 1 "A"
    .port_info 1 /OUTPUT 1 "Y"
L_0x5573466b36f0 .functor NOT 1, v0x55734666fea0_0, C4<0>, C4<0>, C4<0>;
v0x557346693a90_0 .net "A", 0 0, v0x55734666fea0_0;  alias, 1 drivers
v0x557346693b80_0 .net "Y", 0 0, L_0x5573466b36f0;  alias, 1 drivers
S_0x557346693c80 .scope module, "_101_" "NOR" 5 382, 2 19 0, S_0x55734663d020;
 .timescale -9 -10;
    .port_info 0 /INPUT 1 "A"
    .port_info 1 /INPUT 1 "B"
    .port_info 2 /OUTPUT 1 "Y"
L_0x5573466b3830 .functor OR 1, L_0x5573466b36f0, L_0x5573466b3660, C4<0>, C4<0>;
L_0x5573466b38c0 .functor NOT 1, L_0x5573466b3830, C4<0>, C4<0>, C4<0>;
v0x5573466942b0_0 .net "A", 0 0, L_0x5573466b36f0;  alias, 1 drivers
v0x5573466943a0_0 .net "B", 0 0, L_0x5573466b3660;  alias, 1 drivers
v0x557346694470_0 .net "Y", 0 0, L_0x5573466b38c0;  alias, 1 drivers
v0x557346694540_0 .net *"_s0", 0 0, L_0x5573466b3830;  1 drivers
S_0x557346694660 .scope module, "_102_" "NOT" 5 387, 2 7 0, S_0x55734663d020;
 .timescale -9 -10;
    .port_info 0 /INPUT 1 "A"
    .port_info 1 /OUTPUT 1 "Y"
L_0x5573466b3950 .functor NOT 1, L_0x5573466b3a70, C4<0>, C4<0>, C4<0>;
v0x557346694870_0 .net "A", 0 0, L_0x5573466b3a70;  1 drivers
v0x557346694950_0 .net "Y", 0 0, L_0x5573466b3950;  alias, 1 drivers
S_0x557346694a70 .scope module, "_103_" "NOR" 5 391, 2 19 0, S_0x55734663d020;
 .timescale -9 -10;
    .port_info 0 /INPUT 1 "A"
    .port_info 1 /INPUT 1 "B"
    .port_info 2 /OUTPUT 1 "Y"
L_0x5573466b3d30 .functor OR 1, L_0x5573466b3950, L_0x5573466b3660, C4<0>, C4<0>;
L_0x5573466b3dc0 .functor NOT 1, L_0x5573466b3d30, C4<0>, C4<0>, C4<0>;
v0x557346694c90_0 .net "A", 0 0, L_0x5573466b3950;  alias, 1 drivers
v0x557346694d80_0 .net "B", 0 0, L_0x5573466b3660;  alias, 1 drivers
v0x557346694e70_0 .net "Y", 0 0, L_0x5573466b3dc0;  1 drivers
v0x557346694f10_0 .net *"_s0", 0 0, L_0x5573466b3d30;  1 drivers
S_0x557346695050 .scope module, "_104_" "NOT" 5 396, 2 7 0, S_0x55734663d020;
 .timescale -9 -10;
    .port_info 0 /INPUT 1 "A"
    .port_info 1 /OUTPUT 1 "Y"
L_0x5573466b3ea0 .functor NOT 1, L_0x5573466b3f10, C4<0>, C4<0>, C4<0>;
v0x557346695260_0 .net "A", 0 0, L_0x5573466b3f10;  1 drivers
v0x557346695340_0 .net "Y", 0 0, L_0x5573466b3ea0;  alias, 1 drivers
S_0x557346695460 .scope module, "_105_" "NOR" 5 400, 2 19 0, S_0x55734663d020;
 .timescale -9 -10;
    .port_info 0 /INPUT 1 "A"
    .port_info 1 /INPUT 1 "B"
    .port_info 2 /OUTPUT 1 "Y"
L_0x5573466b3fb0 .functor OR 1, L_0x5573466b3ea0, L_0x5573466b3660, C4<0>, C4<0>;
L_0x5573466b4040 .functor NOT 1, L_0x5573466b3fb0, C4<0>, C4<0>, C4<0>;
v0x557346695680_0 .net "A", 0 0, L_0x5573466b3ea0;  alias, 1 drivers
v0x557346695770_0 .net "B", 0 0, L_0x5573466b3660;  alias, 1 drivers
v0x557346695810_0 .net "Y", 0 0, L_0x5573466b4040;  1 drivers
v0x5573466958e0_0 .net *"_s0", 0 0, L_0x5573466b3fb0;  1 drivers
S_0x557346695a20 .scope module, "_106_" "NOT" 5 405, 2 7 0, S_0x55734663d020;
 .timescale -9 -10;
    .port_info 0 /INPUT 1 "A"
    .port_info 1 /OUTPUT 1 "Y"
L_0x5573466b4120 .functor NOT 1, L_0x5573466b4220, C4<0>, C4<0>, C4<0>;
v0x557346695c30_0 .net "A", 0 0, L_0x5573466b4220;  1 drivers
v0x557346695d10_0 .net "Y", 0 0, L_0x5573466b4120;  alias, 1 drivers
S_0x557346695e30 .scope module, "_107_" "NOR" 5 409, 2 19 0, S_0x55734663d020;
 .timescale -9 -10;
    .port_info 0 /INPUT 1 "A"
    .port_info 1 /INPUT 1 "B"
    .port_info 2 /OUTPUT 1 "Y"
L_0x5573466b43e0 .functor OR 1, L_0x5573466b4120, L_0x5573466b3660, C4<0>, C4<0>;
L_0x5573466b4470 .functor NOT 1, L_0x5573466b43e0, C4<0>, C4<0>, C4<0>;
v0x557346696050_0 .net "A", 0 0, L_0x5573466b4120;  alias, 1 drivers
v0x557346696140_0 .net "B", 0 0, L_0x5573466b3660;  alias, 1 drivers
v0x5573466961e0_0 .net "Y", 0 0, L_0x5573466b4470;  1 drivers
v0x5573466962b0_0 .net *"_s0", 0 0, L_0x5573466b43e0;  1 drivers
S_0x5573466963f0 .scope module, "_108_" "NOT" 5 414, 2 7 0, S_0x55734663d020;
 .timescale -9 -10;
    .port_info 0 /INPUT 1 "A"
    .port_info 1 /OUTPUT 1 "Y"
L_0x5573466b4550 .functor NOT 1, L_0x5573466b4650, C4<0>, C4<0>, C4<0>;
v0x5573466965b0_0 .net "A", 0 0, L_0x5573466b4650;  1 drivers
v0x557346696690_0 .net "Y", 0 0, L_0x5573466b4550;  alias, 1 drivers
S_0x5573466967b0 .scope module, "_109_" "NOR" 5 418, 2 19 0, S_0x55734663d020;
 .timescale -9 -10;
    .port_info 0 /INPUT 1 "A"
    .port_info 1 /INPUT 1 "B"
    .port_info 2 /OUTPUT 1 "Y"
L_0x5573466b46f0 .functor OR 1, L_0x5573466b4550, L_0x5573466b3660, C4<0>, C4<0>;
L_0x5573466b4780 .functor NOT 1, L_0x5573466b46f0, C4<0>, C4<0>, C4<0>;
v0x5573466969d0_0 .net "A", 0 0, L_0x5573466b4550;  alias, 1 drivers
v0x557346696ac0_0 .net "B", 0 0, L_0x5573466b3660;  alias, 1 drivers
v0x557346696b60_0 .net "Y", 0 0, L_0x5573466b4780;  1 drivers
v0x557346696c30_0 .net *"_s0", 0 0, L_0x5573466b46f0;  1 drivers
S_0x557346696d70 .scope module, "_110_" "NOR" 5 423, 2 19 0, S_0x55734663d020;
 .timescale -9 -10;
    .port_info 0 /INPUT 1 "A"
    .port_info 1 /INPUT 1 "B"
    .port_info 2 /OUTPUT 1 "Y"
L_0x5573466b4860 .functor OR 1, L_0x5573466b3660, L_0x5573466abeb0, C4<0>, C4<0>;
L_0x5573466b48d0 .functor NOT 1, L_0x5573466b4860, C4<0>, C4<0>, C4<0>;
v0x557346696f90_0 .net "A", 0 0, L_0x5573466b3660;  alias, 1 drivers
v0x557346697050_0 .net "B", 0 0, L_0x5573466abeb0;  alias, 1 drivers
v0x557346697160_0 .net "Y", 0 0, L_0x5573466b48d0;  1 drivers
v0x557346697200_0 .net *"_s0", 0 0, L_0x5573466b4860;  1 drivers
S_0x557346697340 .scope module, "_111_" "NOR" 5 428, 2 19 0, S_0x55734663d020;
 .timescale -9 -10;
    .port_info 0 /INPUT 1 "A"
    .port_info 1 /INPUT 1 "B"
    .port_info 2 /OUTPUT 1 "Y"
L_0x5573466b49b0 .functor OR 1, L_0x5573466ac220, L_0x5573466b3660, C4<0>, C4<0>;
L_0x5573466b4a20 .functor NOT 1, L_0x5573466b49b0, C4<0>, C4<0>, C4<0>;
v0x557346697560_0 .net "A", 0 0, L_0x5573466ac220;  alias, 1 drivers
v0x557346697670_0 .net "B", 0 0, L_0x5573466b3660;  alias, 1 drivers
v0x557346697730_0 .net "Y", 0 0, L_0x5573466b4a20;  1 drivers
v0x5573466977d0_0 .net *"_s0", 0 0, L_0x5573466b49b0;  1 drivers
S_0x557346697910 .scope module, "_112_" "NOR" 5 433, 2 19 0, S_0x55734663d020;
 .timescale -9 -10;
    .port_info 0 /INPUT 1 "A"
    .port_info 1 /INPUT 1 "B"
    .port_info 2 /OUTPUT 1 "Y"
L_0x5573466b4b00 .functor OR 1, L_0x5573466ac4e0, L_0x5573466b3660, C4<0>, C4<0>;
L_0x5573466b4b70 .functor NOT 1, L_0x5573466b4b00, C4<0>, C4<0>, C4<0>;
v0x557346697b30_0 .net "A", 0 0, L_0x5573466ac4e0;  alias, 1 drivers
v0x557346697c40_0 .net "B", 0 0, L_0x5573466b3660;  alias, 1 drivers
v0x557346697d00_0 .net "Y", 0 0, L_0x5573466b4b70;  1 drivers
v0x557346697da0_0 .net *"_s0", 0 0, L_0x5573466b4b00;  1 drivers
S_0x557346697ee0 .scope module, "_113_" "NOR" 5 438, 2 19 0, S_0x55734663d020;
 .timescale -9 -10;
    .port_info 0 /INPUT 1 "A"
    .port_info 1 /INPUT 1 "B"
    .port_info 2 /OUTPUT 1 "Y"
L_0x5573466b4c50 .functor OR 1, L_0x5573466ac7a0, L_0x5573466b3660, C4<0>, C4<0>;
L_0x5573466b4cc0 .functor NOT 1, L_0x5573466b4c50, C4<0>, C4<0>, C4<0>;
v0x557346698100_0 .net "A", 0 0, L_0x5573466ac7a0;  alias, 1 drivers
v0x557346698210_0 .net "B", 0 0, L_0x5573466b3660;  alias, 1 drivers
v0x5573466982d0_0 .net "Y", 0 0, L_0x5573466b4cc0;  1 drivers
v0x557346698370_0 .net *"_s0", 0 0, L_0x5573466b4c50;  1 drivers
S_0x5573466984b0 .scope module, "_114_" "NOR" 5 443, 2 19 0, S_0x55734663d020;
 .timescale -9 -10;
    .port_info 0 /INPUT 1 "A"
    .port_info 1 /INPUT 1 "B"
    .port_info 2 /OUTPUT 1 "Y"
L_0x5573466b42c0 .functor OR 1, L_0x5573466aca70, L_0x5573466b3660, C4<0>, C4<0>;
L_0x5573466b4330 .functor NOT 1, L_0x5573466b42c0, C4<0>, C4<0>, C4<0>;
v0x5573466986d0_0 .net "A", 0 0, L_0x5573466aca70;  alias, 1 drivers
v0x5573466987e0_0 .net "B", 0 0, L_0x5573466b3660;  alias, 1 drivers
v0x5573466988a0_0 .net "Y", 0 0, L_0x5573466b4330;  alias, 1 drivers
v0x557346698940_0 .net *"_s0", 0 0, L_0x5573466b42c0;  1 drivers
S_0x557346698a80 .scope module, "_115_" "NOR" 5 448, 2 19 0, S_0x55734663d020;
 .timescale -9 -10;
    .port_info 0 /INPUT 1 "A"
    .port_info 1 /INPUT 1 "B"
    .port_info 2 /OUTPUT 1 "Y"
L_0x5573466b52e0 .functor OR 1, L_0x5573466acd00, L_0x5573466b3660, C4<0>, C4<0>;
L_0x5573466b5350 .functor NOT 1, L_0x5573466b52e0, C4<0>, C4<0>, C4<0>;
v0x557346698ca0_0 .net "A", 0 0, L_0x5573466acd00;  alias, 1 drivers
v0x557346698db0_0 .net "B", 0 0, L_0x5573466b3660;  alias, 1 drivers
v0x557346698e70_0 .net "Y", 0 0, L_0x5573466b5350;  1 drivers
v0x557346698f10_0 .net *"_s0", 0 0, L_0x5573466b52e0;  1 drivers
S_0x557346699050 .scope module, "_116_" "NOR" 5 453, 2 19 0, S_0x55734663d020;
 .timescale -9 -10;
    .port_info 0 /INPUT 1 "A"
    .port_info 1 /INPUT 1 "B"
    .port_info 2 /OUTPUT 1 "Y"
L_0x5573466b5430 .functor OR 1, L_0x5573466ad070, L_0x5573466b3660, C4<0>, C4<0>;
L_0x5573466b54a0 .functor NOT 1, L_0x5573466b5430, C4<0>, C4<0>, C4<0>;
v0x557346699270_0 .net "A", 0 0, L_0x5573466ad070;  alias, 1 drivers
v0x557346699380_0 .net "B", 0 0, L_0x5573466b3660;  alias, 1 drivers
v0x557346699440_0 .net "Y", 0 0, L_0x5573466b54a0;  1 drivers
v0x5573466994e0_0 .net *"_s0", 0 0, L_0x5573466b5430;  1 drivers
S_0x557346699620 .scope module, "_117_" "NOR" 5 458, 2 19 0, S_0x55734663d020;
 .timescale -9 -10;
    .port_info 0 /INPUT 1 "A"
    .port_info 1 /INPUT 1 "B"
    .port_info 2 /OUTPUT 1 "Y"
L_0x5573466b5580 .functor OR 1, L_0x5573466ad3c0, L_0x5573466b3660, C4<0>, C4<0>;
L_0x5573466b55f0 .functor NOT 1, L_0x5573466b5580, C4<0>, C4<0>, C4<0>;
v0x557346699840_0 .net "A", 0 0, L_0x5573466ad3c0;  alias, 1 drivers
v0x557346699950_0 .net "B", 0 0, L_0x5573466b3660;  alias, 1 drivers
v0x557346699a10_0 .net "Y", 0 0, L_0x5573466b55f0;  1 drivers
v0x557346699ab0_0 .net *"_s0", 0 0, L_0x5573466b5580;  1 drivers
S_0x557346699bf0 .scope module, "_118_" "NOR" 5 463, 2 19 0, S_0x55734663d020;
 .timescale -9 -10;
    .port_info 0 /INPUT 1 "A"
    .port_info 1 /INPUT 1 "B"
    .port_info 2 /OUTPUT 1 "Y"
L_0x5573466b56d0 .functor OR 1, L_0x5573466ad6d0, L_0x5573466b3660, C4<0>, C4<0>;
L_0x5573466b5740 .functor NOT 1, L_0x5573466b56d0, C4<0>, C4<0>, C4<0>;
v0x557346699e10_0 .net "A", 0 0, L_0x5573466ad6d0;  alias, 1 drivers
v0x557346699f20_0 .net "B", 0 0, L_0x5573466b3660;  alias, 1 drivers
v0x557346699fe0_0 .net "Y", 0 0, L_0x5573466b5740;  1 drivers
v0x55734669a080_0 .net *"_s0", 0 0, L_0x5573466b56d0;  1 drivers
S_0x55734669a1c0 .scope module, "_119_" "NOR" 5 468, 2 19 0, S_0x55734663d020;
 .timescale -9 -10;
    .port_info 0 /INPUT 1 "A"
    .port_info 1 /INPUT 1 "B"
    .port_info 2 /OUTPUT 1 "Y"
L_0x5573466b5820 .functor OR 1, L_0x5573466ada30, L_0x5573466b3660, C4<0>, C4<0>;
L_0x5573466b5890 .functor NOT 1, L_0x5573466b5820, C4<0>, C4<0>, C4<0>;
v0x55734669a3e0_0 .net "A", 0 0, L_0x5573466ada30;  alias, 1 drivers
v0x55734669a4f0_0 .net "B", 0 0, L_0x5573466b3660;  alias, 1 drivers
v0x55734669a5b0_0 .net "Y", 0 0, L_0x5573466b5890;  1 drivers
v0x55734669a650_0 .net *"_s0", 0 0, L_0x5573466b5820;  1 drivers
S_0x55734669a790 .scope module, "_120_" "NOR" 5 473, 2 19 0, S_0x55734663d020;
 .timescale -9 -10;
    .port_info 0 /INPUT 1 "A"
    .port_info 1 /INPUT 1 "B"
    .port_info 2 /OUTPUT 1 "Y"
L_0x5573466b5970 .functor OR 1, L_0x5573466add70, L_0x5573466b3660, C4<0>, C4<0>;
L_0x5573466b59e0 .functor NOT 1, L_0x5573466b5970, C4<0>, C4<0>, C4<0>;
v0x55734669a9b0_0 .net "A", 0 0, L_0x5573466add70;  alias, 1 drivers
v0x55734669aac0_0 .net "B", 0 0, L_0x5573466b3660;  alias, 1 drivers
v0x55734669ab80_0 .net "Y", 0 0, L_0x5573466b59e0;  1 drivers
v0x55734669ac20_0 .net *"_s0", 0 0, L_0x5573466b5970;  1 drivers
S_0x55734669ad60 .scope module, "_121_" "NOR" 5 478, 2 19 0, S_0x55734663d020;
 .timescale -9 -10;
    .port_info 0 /INPUT 1 "A"
    .port_info 1 /INPUT 1 "B"
    .port_info 2 /OUTPUT 1 "Y"
L_0x5573466b5ac0 .functor OR 1, L_0x5573466ae030, L_0x5573466b3660, C4<0>, C4<0>;
L_0x5573466b5b30 .functor NOT 1, L_0x5573466b5ac0, C4<0>, C4<0>, C4<0>;
v0x55734669af80_0 .net "A", 0 0, L_0x5573466ae030;  alias, 1 drivers
v0x55734669b090_0 .net "B", 0 0, L_0x5573466b3660;  alias, 1 drivers
v0x55734669b150_0 .net "Y", 0 0, L_0x5573466b5b30;  1 drivers
v0x55734669b1f0_0 .net *"_s0", 0 0, L_0x5573466b5ac0;  1 drivers
S_0x55734669b330 .scope module, "_122_" "NOR" 5 483, 2 19 0, S_0x55734663d020;
 .timescale -9 -10;
    .port_info 0 /INPUT 1 "A"
    .port_info 1 /INPUT 1 "B"
    .port_info 2 /OUTPUT 1 "Y"
L_0x5573466b5c10 .functor OR 1, L_0x5573466ae370, L_0x5573466b3660, C4<0>, C4<0>;
L_0x5573466b5c80 .functor NOT 1, L_0x5573466b5c10, C4<0>, C4<0>, C4<0>;
v0x55734669b550_0 .net "A", 0 0, L_0x5573466ae370;  alias, 1 drivers
v0x55734669b660_0 .net "B", 0 0, L_0x5573466b3660;  alias, 1 drivers
v0x55734669b720_0 .net "Y", 0 0, L_0x5573466b5c80;  1 drivers
v0x55734669b7c0_0 .net *"_s0", 0 0, L_0x5573466b5c10;  1 drivers
S_0x55734669b900 .scope module, "_123_" "NOR" 5 488, 2 19 0, S_0x55734663d020;
 .timescale -9 -10;
    .port_info 0 /INPUT 1 "A"
    .port_info 1 /INPUT 1 "B"
    .port_info 2 /OUTPUT 1 "Y"
L_0x5573466b6120 .functor OR 1, L_0x5573466aeae0, L_0x5573466b3660, C4<0>, C4<0>;
L_0x5573466b6190 .functor NOT 1, L_0x5573466b6120, C4<0>, C4<0>, C4<0>;
v0x55734669bb20_0 .net "A", 0 0, L_0x5573466aeae0;  alias, 1 drivers
v0x55734669bc30_0 .net "B", 0 0, L_0x5573466b3660;  alias, 1 drivers
v0x55734669bcf0_0 .net "Y", 0 0, L_0x5573466b6190;  alias, 1 drivers
v0x55734669bd90_0 .net *"_s0", 0 0, L_0x5573466b6120;  1 drivers
S_0x55734669bed0 .scope module, "_124_" "NOR" 5 493, 2 19 0, S_0x55734663d020;
 .timescale -9 -10;
    .port_info 0 /INPUT 1 "A"
    .port_info 1 /INPUT 1 "B"
    .port_info 2 /OUTPUT 1 "Y"
L_0x5573466b6270 .functor OR 1, L_0x5573466aed20, L_0x5573466b3660, C4<0>, C4<0>;
L_0x5573466b6300 .functor NOT 1, L_0x5573466b6270, C4<0>, C4<0>, C4<0>;
v0x55734669c0f0_0 .net "A", 0 0, L_0x5573466aed20;  alias, 1 drivers
v0x55734669c200_0 .net "B", 0 0, L_0x5573466b3660;  alias, 1 drivers
v0x55734669c2c0_0 .net "Y", 0 0, L_0x5573466b6300;  1 drivers
v0x55734669c360_0 .net *"_s0", 0 0, L_0x5573466b6270;  1 drivers
S_0x55734669c4a0 .scope module, "_125_" "NOR" 5 498, 2 19 0, S_0x55734663d020;
 .timescale -9 -10;
    .port_info 0 /INPUT 1 "A"
    .port_info 1 /INPUT 1 "B"
    .port_info 2 /OUTPUT 1 "Y"
L_0x5573466b63e0 .functor OR 1, L_0x5573466af0a0, L_0x5573466b3660, C4<0>, C4<0>;
L_0x5573466b6450 .functor NOT 1, L_0x5573466b63e0, C4<0>, C4<0>, C4<0>;
v0x55734669c6c0_0 .net "A", 0 0, L_0x5573466af0a0;  alias, 1 drivers
v0x55734669c7d0_0 .net "B", 0 0, L_0x5573466b3660;  alias, 1 drivers
v0x55734669c890_0 .net "Y", 0 0, L_0x5573466b6450;  1 drivers
v0x55734669c930_0 .net *"_s0", 0 0, L_0x5573466b63e0;  1 drivers
S_0x55734669ca70 .scope module, "_126_" "NOR" 5 503, 2 19 0, S_0x55734663d020;
 .timescale -9 -10;
    .port_info 0 /INPUT 1 "A"
    .port_info 1 /INPUT 1 "B"
    .port_info 2 /OUTPUT 1 "Y"
L_0x5573466b6530 .functor OR 1, L_0x5573466af3b0, L_0x5573466b3660, C4<0>, C4<0>;
L_0x5573466b65a0 .functor NOT 1, L_0x5573466b6530, C4<0>, C4<0>, C4<0>;
v0x55734669cc90_0 .net "A", 0 0, L_0x5573466af3b0;  alias, 1 drivers
v0x55734669cda0_0 .net "B", 0 0, L_0x5573466b3660;  alias, 1 drivers
v0x55734669ce60_0 .net "Y", 0 0, L_0x5573466b65a0;  1 drivers
v0x55734669cf00_0 .net *"_s0", 0 0, L_0x5573466b6530;  1 drivers
S_0x55734669d040 .scope module, "_127_" "NOR" 5 508, 2 19 0, S_0x55734663d020;
 .timescale -9 -10;
    .port_info 0 /INPUT 1 "A"
    .port_info 1 /INPUT 1 "B"
    .port_info 2 /OUTPUT 1 "Y"
L_0x5573466b6680 .functor OR 1, L_0x5573466af750, L_0x5573466b3660, C4<0>, C4<0>;
L_0x5573466b66f0 .functor NOT 1, L_0x5573466b6680, C4<0>, C4<0>, C4<0>;
v0x55734669d260_0 .net "A", 0 0, L_0x5573466af750;  alias, 1 drivers
v0x55734669d370_0 .net "B", 0 0, L_0x5573466b3660;  alias, 1 drivers
v0x55734669d430_0 .net "Y", 0 0, L_0x5573466b66f0;  1 drivers
v0x55734669d4d0_0 .net *"_s0", 0 0, L_0x5573466b6680;  1 drivers
S_0x55734669d610 .scope module, "_128_" "NOR" 5 513, 2 19 0, S_0x55734663d020;
 .timescale -9 -10;
    .port_info 0 /INPUT 1 "A"
    .port_info 1 /INPUT 1 "B"
    .port_info 2 /OUTPUT 1 "Y"
L_0x5573466b67d0 .functor OR 1, L_0x5573466afa60, L_0x5573466b3660, C4<0>, C4<0>;
L_0x5573466b6840 .functor NOT 1, L_0x5573466b67d0, C4<0>, C4<0>, C4<0>;
v0x55734669d830_0 .net "A", 0 0, L_0x5573466afa60;  alias, 1 drivers
v0x55734669d940_0 .net "B", 0 0, L_0x5573466b3660;  alias, 1 drivers
v0x55734669da00_0 .net "Y", 0 0, L_0x5573466b6840;  1 drivers
v0x55734669daa0_0 .net *"_s0", 0 0, L_0x5573466b67d0;  1 drivers
S_0x55734669dbe0 .scope module, "_129_" "NOR" 5 518, 2 19 0, S_0x55734663d020;
 .timescale -9 -10;
    .port_info 0 /INPUT 1 "A"
    .port_info 1 /INPUT 1 "B"
    .port_info 2 /OUTPUT 1 "Y"
L_0x5573466b6920 .functor OR 1, L_0x5573466aff20, L_0x5573466b3660, C4<0>, C4<0>;
L_0x5573466b6990 .functor NOT 1, L_0x5573466b6920, C4<0>, C4<0>, C4<0>;
v0x55734669de00_0 .net "A", 0 0, L_0x5573466aff20;  alias, 1 drivers
v0x55734669df10_0 .net "B", 0 0, L_0x5573466b3660;  alias, 1 drivers
v0x55734669dfd0_0 .net "Y", 0 0, L_0x5573466b6990;  1 drivers
v0x55734669e070_0 .net *"_s0", 0 0, L_0x5573466b6920;  1 drivers
S_0x55734669e1b0 .scope module, "_130_" "NOR" 5 523, 2 19 0, S_0x55734663d020;
 .timescale -9 -10;
    .port_info 0 /INPUT 1 "A"
    .port_info 1 /INPUT 1 "B"
    .port_info 2 /OUTPUT 1 "Y"
L_0x5573466b6a70 .functor OR 1, L_0x5573466b01a0, L_0x5573466b3660, C4<0>, C4<0>;
L_0x5573466b72f0 .functor NOT 1, L_0x5573466b6a70, C4<0>, C4<0>, C4<0>;
v0x55734669e3d0_0 .net "A", 0 0, L_0x5573466b01a0;  alias, 1 drivers
v0x55734669e4e0_0 .net "B", 0 0, L_0x5573466b3660;  alias, 1 drivers
v0x55734669e5a0_0 .net "Y", 0 0, L_0x5573466b72f0;  1 drivers
v0x55734669e640_0 .net *"_s0", 0 0, L_0x5573466b6a70;  1 drivers
S_0x55734669e780 .scope module, "_131_" "NOR" 5 528, 2 19 0, S_0x55734663d020;
 .timescale -9 -10;
    .port_info 0 /INPUT 1 "A"
    .port_info 1 /INPUT 1 "B"
    .port_info 2 /OUTPUT 1 "Y"
L_0x5573466b73b0 .functor OR 1, L_0x5573466b04d0, L_0x5573466b3660, C4<0>, C4<0>;
L_0x5573466b7420 .functor NOT 1, L_0x5573466b73b0, C4<0>, C4<0>, C4<0>;
v0x55734669e9a0_0 .net "A", 0 0, L_0x5573466b04d0;  alias, 1 drivers
v0x55734669eab0_0 .net "B", 0 0, L_0x5573466b3660;  alias, 1 drivers
v0x55734669eb70_0 .net "Y", 0 0, L_0x5573466b7420;  1 drivers
v0x55734669ec10_0 .net *"_s0", 0 0, L_0x5573466b73b0;  1 drivers
S_0x55734669ed50 .scope module, "_132_" "NOR" 5 533, 2 19 0, S_0x55734663d020;
 .timescale -9 -10;
    .port_info 0 /INPUT 1 "A"
    .port_info 1 /INPUT 1 "B"
    .port_info 2 /OUTPUT 1 "Y"
L_0x5573466b7a00 .functor OR 1, L_0x5573466b0bc0, L_0x5573466b3660, C4<0>, C4<0>;
L_0x5573466b7a70 .functor NOT 1, L_0x5573466b7a00, C4<0>, C4<0>, C4<0>;
v0x55734669ef70_0 .net "A", 0 0, L_0x5573466b0bc0;  alias, 1 drivers
v0x55734669f080_0 .net "B", 0 0, L_0x5573466b3660;  alias, 1 drivers
v0x55734669f140_0 .net "Y", 0 0, L_0x5573466b7a70;  alias, 1 drivers
v0x55734669f1e0_0 .net *"_s0", 0 0, L_0x5573466b7a00;  1 drivers
S_0x55734669f320 .scope module, "_133_" "NOR" 5 538, 2 19 0, S_0x55734663d020;
 .timescale -9 -10;
    .port_info 0 /INPUT 1 "A"
    .port_info 1 /INPUT 1 "B"
    .port_info 2 /OUTPUT 1 "Y"
L_0x5573466b7b50 .functor OR 1, L_0x5573466b0e00, L_0x5573466b3660, C4<0>, C4<0>;
L_0x5573466b7be0 .functor NOT 1, L_0x5573466b7b50, C4<0>, C4<0>, C4<0>;
v0x55734669f540_0 .net "A", 0 0, L_0x5573466b0e00;  alias, 1 drivers
v0x55734669f650_0 .net "B", 0 0, L_0x5573466b3660;  alias, 1 drivers
v0x55734669f710_0 .net "Y", 0 0, L_0x5573466b7be0;  1 drivers
v0x55734669f7b0_0 .net *"_s0", 0 0, L_0x5573466b7b50;  1 drivers
S_0x55734669f8f0 .scope module, "_134_" "NOR" 5 543, 2 19 0, S_0x55734663d020;
 .timescale -9 -10;
    .port_info 0 /INPUT 1 "A"
    .port_info 1 /INPUT 1 "B"
    .port_info 2 /OUTPUT 1 "Y"
L_0x5573466b7cc0 .functor OR 1, L_0x5573466b1960, L_0x5573466b3660, C4<0>, C4<0>;
L_0x5573466b7d30 .functor NOT 1, L_0x5573466b7cc0, C4<0>, C4<0>, C4<0>;
v0x55734669fb10_0 .net "A", 0 0, L_0x5573466b1960;  alias, 1 drivers
v0x55734669fc20_0 .net "B", 0 0, L_0x5573466b3660;  alias, 1 drivers
v0x55734669fce0_0 .net "Y", 0 0, L_0x5573466b7d30;  1 drivers
v0x55734669fd80_0 .net *"_s0", 0 0, L_0x5573466b7cc0;  1 drivers
S_0x55734669fec0 .scope module, "_135_" "NOR" 5 548, 2 19 0, S_0x55734663d020;
 .timescale -9 -10;
    .port_info 0 /INPUT 1 "A"
    .port_info 1 /INPUT 1 "B"
    .port_info 2 /OUTPUT 1 "Y"
L_0x5573466b7e10 .functor OR 1, L_0x5573466b1cb0, L_0x5573466b3660, C4<0>, C4<0>;
L_0x5573466b7e80 .functor NOT 1, L_0x5573466b7e10, C4<0>, C4<0>, C4<0>;
v0x5573466a00e0_0 .net "A", 0 0, L_0x5573466b1cb0;  alias, 1 drivers
v0x5573466a01f0_0 .net "B", 0 0, L_0x5573466b3660;  alias, 1 drivers
v0x5573466a02b0_0 .net "Y", 0 0, L_0x5573466b7e80;  1 drivers
v0x5573466a0350_0 .net *"_s0", 0 0, L_0x5573466b7e10;  1 drivers
S_0x5573466a0490 .scope module, "_136_" "NOR" 5 553, 2 19 0, S_0x55734663d020;
 .timescale -9 -10;
    .port_info 0 /INPUT 1 "A"
    .port_info 1 /INPUT 1 "B"
    .port_info 2 /OUTPUT 1 "Y"
L_0x5573466b7f60 .functor OR 1, L_0x5573466b1fa0, L_0x5573466b3660, C4<0>, C4<0>;
L_0x5573466b7fd0 .functor NOT 1, L_0x5573466b7f60, C4<0>, C4<0>, C4<0>;
v0x5573466a06b0_0 .net "A", 0 0, L_0x5573466b1fa0;  alias, 1 drivers
v0x5573466a07c0_0 .net "B", 0 0, L_0x5573466b3660;  alias, 1 drivers
v0x5573466a0c90_0 .net "Y", 0 0, L_0x5573466b7fd0;  1 drivers
v0x5573466a0d30_0 .net *"_s0", 0 0, L_0x5573466b7f60;  1 drivers
S_0x5573466a0e70 .scope module, "_137_" "NOR" 5 558, 2 19 0, S_0x55734663d020;
 .timescale -9 -10;
    .port_info 0 /INPUT 1 "A"
    .port_info 1 /INPUT 1 "B"
    .port_info 2 /OUTPUT 1 "Y"
L_0x5573466b80b0 .functor OR 1, L_0x5573466b2390, L_0x5573466b3660, C4<0>, C4<0>;
L_0x5573466b8120 .functor NOT 1, L_0x5573466b80b0, C4<0>, C4<0>, C4<0>;
v0x5573466a1090_0 .net "A", 0 0, L_0x5573466b2390;  alias, 1 drivers
v0x5573466a11a0_0 .net "B", 0 0, L_0x5573466b3660;  alias, 1 drivers
v0x5573466a1260_0 .net "Y", 0 0, L_0x5573466b8120;  1 drivers
v0x5573466a1300_0 .net *"_s0", 0 0, L_0x5573466b80b0;  1 drivers
S_0x5573466a1440 .scope module, "_138_" "NOR" 5 563, 2 19 0, S_0x55734663d020;
 .timescale -9 -10;
    .port_info 0 /INPUT 1 "A"
    .port_info 1 /INPUT 1 "B"
    .port_info 2 /OUTPUT 1 "Y"
L_0x5573466b8200 .functor OR 1, L_0x5573466b27b0, L_0x5573466b3660, C4<0>, C4<0>;
L_0x5573466b8270 .functor NOT 1, L_0x5573466b8200, C4<0>, C4<0>, C4<0>;
v0x5573466a1660_0 .net "A", 0 0, L_0x5573466b27b0;  alias, 1 drivers
v0x5573466a1770_0 .net "B", 0 0, L_0x5573466b3660;  alias, 1 drivers
v0x5573466a1830_0 .net "Y", 0 0, L_0x5573466b8270;  1 drivers
v0x5573466a18d0_0 .net *"_s0", 0 0, L_0x5573466b8200;  1 drivers
S_0x5573466a1a10 .scope module, "_139_" "NOR" 5 568, 2 19 0, S_0x55734663d020;
 .timescale -9 -10;
    .port_info 0 /INPUT 1 "A"
    .port_info 1 /INPUT 1 "B"
    .port_info 2 /OUTPUT 1 "Y"
L_0x5573466b8350 .functor OR 1, L_0x5573466b2b20, L_0x5573466b3660, C4<0>, C4<0>;
L_0x5573466b83c0 .functor NOT 1, L_0x5573466b8350, C4<0>, C4<0>, C4<0>;
v0x5573466a1c30_0 .net "A", 0 0, L_0x5573466b2b20;  alias, 1 drivers
v0x5573466a1d40_0 .net "B", 0 0, L_0x5573466b3660;  alias, 1 drivers
v0x5573466a1e00_0 .net "Y", 0 0, L_0x5573466b83c0;  1 drivers
v0x5573466a1ea0_0 .net *"_s0", 0 0, L_0x5573466b8350;  1 drivers
S_0x5573466a1fe0 .scope module, "_140_" "NOR" 5 573, 2 19 0, S_0x55734663d020;
 .timescale -9 -10;
    .port_info 0 /INPUT 1 "A"
    .port_info 1 /INPUT 1 "B"
    .port_info 2 /OUTPUT 1 "Y"
L_0x5573466b84a0 .functor OR 1, L_0x5573466b2e60, L_0x5573466b3660, C4<0>, C4<0>;
L_0x5573466b8510 .functor NOT 1, L_0x5573466b84a0, C4<0>, C4<0>, C4<0>;
v0x5573466a2200_0 .net "A", 0 0, L_0x5573466b2e60;  alias, 1 drivers
v0x5573466a2310_0 .net "B", 0 0, L_0x5573466b3660;  alias, 1 drivers
v0x5573466a23d0_0 .net "Y", 0 0, L_0x5573466b8510;  1 drivers
v0x5573466a2470_0 .net *"_s0", 0 0, L_0x5573466b84a0;  1 drivers
S_0x5573466a25b0 .scope module, "_141_" "NOR" 5 578, 2 19 0, S_0x55734663d020;
 .timescale -9 -10;
    .port_info 0 /INPUT 1 "A"
    .port_info 1 /INPUT 1 "B"
    .port_info 2 /OUTPUT 1 "Y"
L_0x5573466b89b0 .functor OR 1, L_0x5573466b36f0, v0x557346659a40_0, C4<0>, C4<0>;
L_0x5573466b8a20 .functor NOT 1, L_0x5573466b89b0, C4<0>, C4<0>, C4<0>;
v0x5573466a27d0_0 .net "A", 0 0, L_0x5573466b36f0;  alias, 1 drivers
v0x5573466a28e0_0 .net "B", 0 0, v0x557346659a40_0;  alias, 1 drivers
v0x5573466a29a0_0 .net "Y", 0 0, L_0x5573466b8a20;  alias, 1 drivers
v0x5573466a2a40_0 .net *"_s0", 0 0, L_0x5573466b89b0;  1 drivers
S_0x5573466a2b80 .scope module, "_142_" "NOR" 5 583, 2 19 0, S_0x55734663d020;
 .timescale -9 -10;
    .port_info 0 /INPUT 1 "A"
    .port_info 1 /INPUT 1 "B"
    .port_info 2 /OUTPUT 1 "Y"
L_0x5573466b8b00 .functor OR 1, L_0x5573466b3950, v0x557346659a40_0, C4<0>, C4<0>;
L_0x5573466b8b90 .functor NOT 1, L_0x5573466b8b00, C4<0>, C4<0>, C4<0>;
v0x5573466a2da0_0 .net "A", 0 0, L_0x5573466b3950;  alias, 1 drivers
v0x5573466a2eb0_0 .net "B", 0 0, v0x557346659a40_0;  alias, 1 drivers
v0x5573466a2f70_0 .net "Y", 0 0, L_0x5573466b8b90;  1 drivers
v0x5573466a3010_0 .net *"_s0", 0 0, L_0x5573466b8b00;  1 drivers
S_0x5573466a3150 .scope module, "_143_" "NOR" 5 588, 2 19 0, S_0x55734663d020;
 .timescale -9 -10;
    .port_info 0 /INPUT 1 "A"
    .port_info 1 /INPUT 1 "B"
    .port_info 2 /OUTPUT 1 "Y"
L_0x5573466b8c70 .functor OR 1, L_0x5573466b3ea0, v0x557346659a40_0, C4<0>, C4<0>;
L_0x5573466b8ce0 .functor NOT 1, L_0x5573466b8c70, C4<0>, C4<0>, C4<0>;
v0x5573466a3370_0 .net "A", 0 0, L_0x5573466b3ea0;  alias, 1 drivers
v0x5573466a3480_0 .net "B", 0 0, v0x557346659a40_0;  alias, 1 drivers
v0x5573466a3540_0 .net "Y", 0 0, L_0x5573466b8ce0;  1 drivers
v0x5573466a35e0_0 .net *"_s0", 0 0, L_0x5573466b8c70;  1 drivers
S_0x5573466a3720 .scope module, "_144_" "NOR" 5 593, 2 19 0, S_0x55734663d020;
 .timescale -9 -10;
    .port_info 0 /INPUT 1 "A"
    .port_info 1 /INPUT 1 "B"
    .port_info 2 /OUTPUT 1 "Y"
L_0x5573466b8dc0 .functor OR 1, L_0x5573466b4120, v0x557346659a40_0, C4<0>, C4<0>;
L_0x5573466b8e30 .functor NOT 1, L_0x5573466b8dc0, C4<0>, C4<0>, C4<0>;
v0x5573466a3940_0 .net "A", 0 0, L_0x5573466b4120;  alias, 1 drivers
v0x5573466a3a50_0 .net "B", 0 0, v0x557346659a40_0;  alias, 1 drivers
v0x5573466a3b10_0 .net "Y", 0 0, L_0x5573466b8e30;  1 drivers
v0x5573466a3bb0_0 .net *"_s0", 0 0, L_0x5573466b8dc0;  1 drivers
S_0x5573466a3cf0 .scope module, "_145_" "NOR" 5 598, 2 19 0, S_0x55734663d020;
 .timescale -9 -10;
    .port_info 0 /INPUT 1 "A"
    .port_info 1 /INPUT 1 "B"
    .port_info 2 /OUTPUT 1 "Y"
L_0x5573466b8f10 .functor OR 1, L_0x5573466b4550, v0x557346659a40_0, C4<0>, C4<0>;
L_0x5573466b8f80 .functor NOT 1, L_0x5573466b8f10, C4<0>, C4<0>, C4<0>;
v0x5573466a3f10_0 .net "A", 0 0, L_0x5573466b4550;  alias, 1 drivers
v0x5573466a4020_0 .net "B", 0 0, v0x557346659a40_0;  alias, 1 drivers
v0x5573466a40e0_0 .net "Y", 0 0, L_0x5573466b8f80;  1 drivers
v0x5573466a4180_0 .net *"_s0", 0 0, L_0x5573466b8f10;  1 drivers
S_0x5573466a77c0 .scope module, "recirculacion_" "recirculacion" 3 37, 6 1 0, S_0x55734665def0;
 .timescale -9 -10;
    .port_info 0 /INPUT 1 "clk"
    .port_info 1 /INPUT 1 "IDL"
    .port_info 2 /INPUT 8 "data_in0"
    .port_info 3 /INPUT 1 "valid0"
    .port_info 4 /INPUT 8 "data_in1"
    .port_info 5 /INPUT 1 "valid1"
    .port_info 6 /INPUT 8 "data_in2"
    .port_info 7 /INPUT 1 "valid2"
    .port_info 8 /INPUT 8 "data_in3"
    .port_info 9 /INPUT 1 "valid3"
    .port_info 10 /OUTPUT 8 "L1_in0"
    .port_info 11 /OUTPUT 1 "L1_valid0"
    .port_info 12 /OUTPUT 8 "L1_in1"
    .port_info 13 /OUTPUT 1 "L1_valid1"
    .port_info 14 /OUTPUT 8 "L1_in2"
    .port_info 15 /OUTPUT 1 "L1_valid2"
    .port_info 16 /OUTPUT 8 "L1_in3"
    .port_info 17 /OUTPUT 1 "L1_valid3"
    .port_info 18 /OUTPUT 8 "probador_in0"
    .port_info 19 /OUTPUT 1 "probador_valid0"
    .port_info 20 /OUTPUT 8 "probador_in1"
    .port_info 21 /OUTPUT 1 "probador_valid1"
    .port_info 22 /OUTPUT 8 "probador_in2"
    .port_info 23 /OUTPUT 1 "probador_valid2"
    .port_info 24 /OUTPUT 8 "probador_in3"
    .port_info 25 /OUTPUT 1 "probador_valid3"
v0x5573466a7ca0_0 .net "IDL", 0 0, v0x557346659a40_0;  alias, 1 drivers
v0x5573466a7d60_0 .var "L1_in0", 7 0;
v0x5573466a7e40_0 .var "L1_in1", 7 0;
v0x5573466a7f00_0 .var "L1_in2", 7 0;
v0x5573466a7fe0_0 .var "L1_in3", 7 0;
v0x5573466a8110_0 .var "L1_valid0", 0 0;
v0x5573466a81d0_0 .var "L1_valid1", 0 0;
v0x5573466a8290_0 .var "L1_valid2", 0 0;
v0x5573466a8350_0 .var "L1_valid3", 0 0;
v0x5573466a8410_0 .net "clk", 0 0, v0x557346654890_0;  alias, 1 drivers
v0x5573466a84b0_0 .net "data_in0", 7 0, v0x557346666460_0;  alias, 1 drivers
v0x5573466a85c0_0 .net "data_in1", 7 0, v0x557346576710_0;  alias, 1 drivers
v0x5573466a86d0_0 .net "data_in2", 7 0, v0x55734666f3d0_0;  alias, 1 drivers
v0x5573466a87e0_0 .net "data_in3", 7 0, v0x55734666f500_0;  alias, 1 drivers
v0x5573466a88f0_0 .var "probador_in0", 7 0;
v0x5573466a89b0_0 .var "probador_in1", 7 0;
v0x5573466a8a50_0 .var "probador_in2", 7 0;
v0x5573466a8af0_0 .var "probador_in3", 7 0;
v0x5573466a8b90_0 .var "probador_valid0", 0 0;
v0x5573466a8c30_0 .var "probador_valid1", 0 0;
v0x5573466a8cd0_0 .var "probador_valid2", 0 0;
v0x5573466a8d70_0 .var "probador_valid3", 0 0;
v0x5573466a8e10_0 .net "valid0", 0 0, v0x55734666fc60_0;  alias, 1 drivers
v0x5573466a8eb0_0 .net "valid1", 0 0, v0x55734666fd20_0;  alias, 1 drivers
v0x5573466a8f50_0 .net "valid2", 0 0, v0x55734666fde0_0;  alias, 1 drivers
v0x5573466a8ff0_0 .net "valid3", 0 0, v0x55734666fea0_0;  alias, 1 drivers
E_0x5573466a7c10/0 .event edge, v0x557346659a40_0, v0x557346666460_0, v0x55734666fc60_0, v0x557346576710_0;
E_0x5573466a7c10/1 .event edge, v0x55734666fd20_0, v0x55734666f3d0_0, v0x55734666fde0_0, v0x55734666f500_0;
E_0x5573466a7c10/2 .event edge, v0x55734666fea0_0;
E_0x5573466a7c10 .event/or E_0x5573466a7c10/0, E_0x5573466a7c10/1, E_0x5573466a7c10/2;
S_0x5573466429b0 .scope module, "DFF" "DFF" 2 25;
 .timescale -9 -10;
    .port_info 0 /INPUT 1 "C"
    .port_info 1 /INPUT 1 "D"
    .port_info 2 /OUTPUT 1 "Q"
o0x7fefc09202a8 .functor BUFZ 1, C4<z>; HiZ drive
v0x5573466ab390_0 .net "C", 0 0, o0x7fefc09202a8;  0 drivers
o0x7fefc09202d8 .functor BUFZ 1, C4<z>; HiZ drive
v0x5573466ab470_0 .net "D", 0 0, o0x7fefc09202d8;  0 drivers
v0x5573466ab530_0 .var "Q", 0 0;
E_0x5573466ab310 .event posedge, v0x5573466ab390_0;
S_0x557346639570 .scope module, "DFFSR" "DFFSR" 2 32;
 .timescale -9 -10;
    .port_info 0 /INPUT 1 "C"
    .port_info 1 /INPUT 1 "D"
    .port_info 2 /OUTPUT 1 "Q"
    .port_info 3 /INPUT 1 "S"
    .port_info 4 /INPUT 1 "R"
o0x7fefc09203c8 .functor BUFZ 1, C4<z>; HiZ drive
v0x5573466ab6b0_0 .net "C", 0 0, o0x7fefc09203c8;  0 drivers
o0x7fefc09203f8 .functor BUFZ 1, C4<z>; HiZ drive
v0x5573466ab790_0 .net "D", 0 0, o0x7fefc09203f8;  0 drivers
v0x5573466ab850_0 .var "Q", 0 0;
o0x7fefc0920458 .functor BUFZ 1, C4<z>; HiZ drive
v0x5573466ab8f0_0 .net "R", 0 0, o0x7fefc0920458;  0 drivers
o0x7fefc0920488 .functor BUFZ 1, C4<z>; HiZ drive
v0x5573466ab9b0_0 .net "S", 0 0, o0x7fefc0920488;  0 drivers
E_0x5573466ab650 .event posedge, v0x5573466ab8f0_0, v0x5573466ab9b0_0, v0x5573466ab6b0_0;
S_0x55734663a900 .scope module, "NAND" "NAND" 2 13;
 .timescale -9 -10;
    .port_info 0 /INPUT 1 "A"
    .port_info 1 /INPUT 1 "B"
    .port_info 2 /OUTPUT 1 "Y"
o0x7fefc09205a8 .functor BUFZ 1, C4<z>; HiZ drive
o0x7fefc09205d8 .functor BUFZ 1, C4<z>; HiZ drive
L_0x5573466b9520 .functor AND 1, o0x7fefc09205a8, o0x7fefc09205d8, C4<1>, C4<1>;
L_0x5573466b9590 .functor NOT 1, L_0x5573466b9520, C4<0>, C4<0>, C4<0>;
v0x5573466abb10_0 .net "A", 0 0, o0x7fefc09205a8;  0 drivers
v0x5573466abbf0_0 .net "B", 0 0, o0x7fefc09205d8;  0 drivers
v0x5573466abcb0_0 .net "Y", 0 0, L_0x5573466b9590;  1 drivers
v0x5573466abd50_0 .net *"_s0", 0 0, L_0x5573466b9520;  1 drivers
    .scope S_0x5573466a77c0;
T_0 ;
    %wait E_0x5573466a7c10;
    %load/vec4 v0x5573466a7ca0_0;
    %pad/u 32;
    %cmpi/e 0, 0, 32;
    %jmp/0xz  T_0.0, 4;
    %pushi/vec4 0, 0, 8;
    %store/vec4 v0x5573466a7d60_0, 0, 8;
    %pushi/vec4 0, 0, 1;
    %store/vec4 v0x5573466a8110_0, 0, 1;
    %pushi/vec4 0, 0, 8;
    %store/vec4 v0x5573466a7e40_0, 0, 8;
    %pushi/vec4 0, 0, 1;
    %store/vec4 v0x5573466a81d0_0, 0, 1;
    %pushi/vec4 0, 0, 8;
    %store/vec4 v0x5573466a7f00_0, 0, 8;
    %pushi/vec4 0, 0, 1;
    %store/vec4 v0x5573466a8290_0, 0, 1;
    %pushi/vec4 0, 0, 8;
    %store/vec4 v0x5573466a7fe0_0, 0, 8;
    %pushi/vec4 0, 0, 1;
    %store/vec4 v0x5573466a8350_0, 0, 1;
    %load/vec4 v0x5573466a84b0_0;
    %store/vec4 v0x5573466a88f0_0, 0, 8;
    %load/vec4 v0x5573466a8e10_0;
    %store/vec4 v0x5573466a8b90_0, 0, 1;
    %load/vec4 v0x5573466a85c0_0;
    %store/vec4 v0x5573466a89b0_0, 0, 8;
    %load/vec4 v0x5573466a8eb0_0;
    %store/vec4 v0x5573466a8c30_0, 0, 1;
    %load/vec4 v0x5573466a86d0_0;
    %store/vec4 v0x5573466a8a50_0, 0, 8;
    %load/vec4 v0x5573466a8f50_0;
    %store/vec4 v0x5573466a8cd0_0, 0, 1;
    %load/vec4 v0x5573466a87e0_0;
    %store/vec4 v0x5573466a8af0_0, 0, 8;
    %load/vec4 v0x5573466a8ff0_0;
    %store/vec4 v0x5573466a8d70_0, 0, 1;
    %jmp T_0.1;
T_0.0 ;
    %pushi/vec4 0, 0, 8;
    %store/vec4 v0x5573466a88f0_0, 0, 8;
    %pushi/vec4 0, 0, 1;
    %store/vec4 v0x5573466a8b90_0, 0, 1;
    %pushi/vec4 0, 0, 8;
    %store/vec4 v0x5573466a89b0_0, 0, 8;
    %pushi/vec4 0, 0, 1;
    %store/vec4 v0x5573466a8c30_0, 0, 1;
    %pushi/vec4 0, 0, 8;
    %store/vec4 v0x5573466a8a50_0, 0, 8;
    %pushi/vec4 0, 0, 1;
    %store/vec4 v0x5573466a8cd0_0, 0, 1;
    %pushi/vec4 0, 0, 8;
    %store/vec4 v0x5573466a8af0_0, 0, 8;
    %pushi/vec4 0, 0, 1;
    %store/vec4 v0x5573466a8d70_0, 0, 1;
    %load/vec4 v0x5573466a84b0_0;
    %store/vec4 v0x5573466a7d60_0, 0, 8;
    %load/vec4 v0x5573466a8e10_0;
    %store/vec4 v0x5573466a8110_0, 0, 1;
    %load/vec4 v0x5573466a85c0_0;
    %store/vec4 v0x5573466a7e40_0, 0, 8;
    %load/vec4 v0x5573466a8eb0_0;
    %store/vec4 v0x5573466a81d0_0, 0, 1;
    %load/vec4 v0x5573466a86d0_0;
    %store/vec4 v0x5573466a7f00_0, 0, 8;
    %load/vec4 v0x5573466a8f50_0;
    %store/vec4 v0x5573466a8290_0, 0, 1;
    %load/vec4 v0x5573466a87e0_0;
    %store/vec4 v0x5573466a7fe0_0, 0, 8;
    %load/vec4 v0x5573466a8ff0_0;
    %store/vec4 v0x5573466a8350_0, 0, 1;
T_0.1 ;
    %jmp T_0;
    .thread T_0, $push;
    .scope S_0x55734663bc90;
T_1 ;
    %vpi_call 4 23 "$dumpfile", "resultados_probador.vcd" {0 0 0};
    %vpi_call 4 24 "$dumpvars" {0 0 0};
    %vpi_call 4 26 "$display", "\011\011\011clk,\011data_in0,\011data_in1,\011data_in2,\011data_in3,\011valid0,\011valid1,\011valid2,\011valid3,\011IDL,\011probador_in0,\011probador_in1,\011probador_in2,\011probador_in3,\011probador_valid0,\011probador_valid1,\011probador_valid2,\011probador_valid3" {0 0 0};
    %vpi_call 4 28 "$monitor", $time, "\011%b\011%h\011%h\011%h\011%h\011%b\011%b\011%b\011%b\011%b\011%h\011%h\011%h\011%h\011%b\011%b\011%b\011%b", v0x557346654890_0, v0x557346666460_0, v0x557346576710_0, v0x55734666f3d0_0, v0x55734666f500_0, v0x55734666fc60_0, v0x55734666fd20_0, v0x55734666fde0_0, v0x55734666fea0_0, v0x557346659a40_0, v0x55734666f5e0_0, v0x55734666f6c0_0, v0x55734666f7a0_0, v0x55734666f880_0, v0x55734666f960_0, v0x55734666fa20_0, v0x55734666fae0_0, v0x55734666fba0_0 {0 0 0};
    %pushi/vec4 0, 0, 8;
    %assign/vec4 v0x557346666460_0, 0;
    %pushi/vec4 0, 0, 8;
    %assign/vec4 v0x557346576710_0, 0;
    %pushi/vec4 0, 0, 8;
    %assign/vec4 v0x55734666f3d0_0, 0;
    %pushi/vec4 0, 0, 8;
    %assign/vec4 v0x55734666f500_0, 0;
    %pushi/vec4 0, 0, 1;
    %assign/vec4 v0x55734666fc60_0, 0;
    %pushi/vec4 0, 0, 1;
    %assign/vec4 v0x55734666fd20_0, 0;
    %pushi/vec4 0, 0, 1;
    %assign/vec4 v0x55734666fde0_0, 0;
    %pushi/vec4 0, 0, 1;
    %assign/vec4 v0x55734666fea0_0, 0;
    %pushi/vec4 0, 0, 1;
    %assign/vec4 v0x557346659a40_0, 0;
    %wait E_0x5573465b6750;
    %pushi/vec4 17, 0, 8;
    %assign/vec4 v0x557346666460_0, 0;
    %pushi/vec4 34, 0, 8;
    %assign/vec4 v0x557346576710_0, 0;
    %pushi/vec4 51, 0, 8;
    %assign/vec4 v0x55734666f3d0_0, 0;
    %pushi/vec4 68, 0, 8;
    %assign/vec4 v0x55734666f500_0, 0;
    %pushi/vec4 1, 0, 1;
    %assign/vec4 v0x55734666fc60_0, 0;
    %pushi/vec4 1, 0, 1;
    %assign/vec4 v0x55734666fd20_0, 0;
    %pushi/vec4 1, 0, 1;
    %assign/vec4 v0x55734666fde0_0, 0;
    %pushi/vec4 1, 0, 1;
    %assign/vec4 v0x55734666fea0_0, 0;
    %pushi/vec4 1, 0, 1;
    %assign/vec4 v0x557346659a40_0, 0;
    %wait E_0x5573465b6750;
    %pushi/vec4 85, 0, 8;
    %assign/vec4 v0x557346666460_0, 0;
    %pushi/vec4 102, 0, 8;
    %assign/vec4 v0x557346576710_0, 0;
    %pushi/vec4 119, 0, 8;
    %assign/vec4 v0x55734666f3d0_0, 0;
    %pushi/vec4 136, 0, 8;
    %assign/vec4 v0x55734666f500_0, 0;
    %pushi/vec4 0, 0, 1;
    %assign/vec4 v0x55734666fc60_0, 0;
    %pushi/vec4 0, 0, 1;
    %assign/vec4 v0x55734666fd20_0, 0;
    %pushi/vec4 0, 0, 1;
    %assign/vec4 v0x55734666fde0_0, 0;
    %pushi/vec4 0, 0, 1;
    %assign/vec4 v0x55734666fea0_0, 0;
    %pushi/vec4 0, 0, 1;
    %assign/vec4 v0x557346659a40_0, 0;
    %wait E_0x5573465b6750;
    %pushi/vec4 153, 0, 8;
    %assign/vec4 v0x557346666460_0, 0;
    %pushi/vec4 170, 0, 8;
    %assign/vec4 v0x557346576710_0, 0;
    %pushi/vec4 187, 0, 8;
    %assign/vec4 v0x55734666f3d0_0, 0;
    %pushi/vec4 204, 0, 8;
    %assign/vec4 v0x55734666f500_0, 0;
    %pushi/vec4 1, 0, 1;
    %assign/vec4 v0x55734666fc60_0, 0;
    %pushi/vec4 1, 0, 1;
    %assign/vec4 v0x55734666fd20_0, 0;
    %pushi/vec4 1, 0, 1;
    %assign/vec4 v0x55734666fd20_0, 0;
    %pushi/vec4 1, 0, 1;
    %assign/vec4 v0x55734666fea0_0, 0;
    %pushi/vec4 1, 0, 1;
    %assign/vec4 v0x557346659a40_0, 0;
    %wait E_0x5573465b6750;
    %pushi/vec4 238, 0, 8;
    %assign/vec4 v0x557346666460_0, 0;
    %pushi/vec4 255, 0, 8;
    %assign/vec4 v0x557346576710_0, 0;
    %pushi/vec4 17, 0, 8;
    %assign/vec4 v0x55734666f3d0_0, 0;
    %pushi/vec4 34, 0, 8;
    %assign/vec4 v0x55734666f500_0, 0;
    %pushi/vec4 0, 0, 1;
    %assign/vec4 v0x55734666fc60_0, 0;
    %pushi/vec4 0, 0, 1;
    %assign/vec4 v0x55734666fd20_0, 0;
    %pushi/vec4 0, 0, 1;
    %assign/vec4 v0x55734666fde0_0, 0;
    %pushi/vec4 0, 0, 1;
    %assign/vec4 v0x55734666fea0_0, 0;
    %pushi/vec4 0, 0, 1;
    %assign/vec4 v0x557346659a40_0, 0;
    %wait E_0x5573465b6750;
    %pushi/vec4 34, 0, 8;
    %assign/vec4 v0x557346666460_0, 0;
    %pushi/vec4 51, 0, 8;
    %assign/vec4 v0x557346576710_0, 0;
    %pushi/vec4 68, 0, 8;
    %assign/vec4 v0x55734666f3d0_0, 0;
    %pushi/vec4 85, 0, 8;
    %assign/vec4 v0x55734666f500_0, 0;
    %pushi/vec4 1, 0, 1;
    %assign/vec4 v0x55734666fc60_0, 0;
    %pushi/vec4 1, 0, 1;
    %assign/vec4 v0x55734666fd20_0, 0;
    %pushi/vec4 1, 0, 1;
    %assign/vec4 v0x55734666fde0_0, 0;
    %pushi/vec4 1, 0, 1;
    %assign/vec4 v0x55734666fea0_0, 0;
    %pushi/vec4 1, 0, 1;
    %assign/vec4 v0x557346659a40_0, 0;
    %wait E_0x5573465b6750;
    %pushi/vec4 102, 0, 8;
    %assign/vec4 v0x557346666460_0, 0;
    %pushi/vec4 119, 0, 8;
    %assign/vec4 v0x557346576710_0, 0;
    %pushi/vec4 136, 0, 8;
    %assign/vec4 v0x55734666f3d0_0, 0;
    %pushi/vec4 153, 0, 8;
    %assign/vec4 v0x55734666f500_0, 0;
    %pushi/vec4 0, 0, 1;
    %assign/vec4 v0x55734666fc60_0, 0;
    %pushi/vec4 0, 0, 1;
    %assign/vec4 v0x55734666fd20_0, 0;
    %pushi/vec4 0, 0, 1;
    %assign/vec4 v0x55734666fde0_0, 0;
    %pushi/vec4 0, 0, 1;
    %assign/vec4 v0x55734666fea0_0, 0;
    %pushi/vec4 0, 0, 1;
    %assign/vec4 v0x557346659a40_0, 0;
    %wait E_0x5573465b6750;
    %pushi/vec4 170, 0, 8;
    %assign/vec4 v0x557346666460_0, 0;
    %pushi/vec4 187, 0, 8;
    %assign/vec4 v0x557346576710_0, 0;
    %pushi/vec4 204, 0, 8;
    %assign/vec4 v0x55734666f3d0_0, 0;
    %pushi/vec4 221, 0, 8;
    %assign/vec4 v0x55734666f500_0, 0;
    %pushi/vec4 1, 0, 1;
    %assign/vec4 v0x55734666fc60_0, 0;
    %pushi/vec4 1, 0, 1;
    %assign/vec4 v0x55734666fd20_0, 0;
    %pushi/vec4 1, 0, 1;
    %assign/vec4 v0x55734666fde0_0, 0;
    %pushi/vec4 1, 0, 1;
    %assign/vec4 v0x55734666fea0_0, 0;
    %pushi/vec4 1, 0, 1;
    %assign/vec4 v0x557346659a40_0, 0;
    %wait E_0x5573465b6750;
    %pushi/vec4 0, 0, 8;
    %assign/vec4 v0x557346666460_0, 0;
    %pushi/vec4 0, 0, 8;
    %assign/vec4 v0x557346576710_0, 0;
    %pushi/vec4 0, 0, 8;
    %assign/vec4 v0x55734666f3d0_0, 0;
    %pushi/vec4 0, 0, 8;
    %assign/vec4 v0x55734666f500_0, 0;
    %pushi/vec4 0, 0, 1;
    %assign/vec4 v0x55734666fc60_0, 0;
    %pushi/vec4 0, 0, 1;
    %assign/vec4 v0x55734666fd20_0, 0;
    %pushi/vec4 0, 0, 1;
    %assign/vec4 v0x55734666fde0_0, 0;
    %pushi/vec4 0, 0, 1;
    %assign/vec4 v0x55734666fea0_0, 0;
    %pushi/vec4 0, 0, 1;
    %assign/vec4 v0x557346659a40_0, 0;
    %vpi_call 4 134 "$finish" {0 0 0};
    %end;
    .thread T_1;
    .scope S_0x55734663bc90;
T_2 ;
    %pushi/vec4 0, 0, 1;
    %assign/vec4 v0x557346654890_0, 0;
    %end;
    .thread T_2;
    .scope S_0x55734663bc90;
T_3 ;
    %delay 20, 0;
    %load/vec4 v0x557346654890_0;
    %inv;
    %assign/vec4 v0x557346654890_0, 0;
    %jmp T_3;
    .thread T_3;
    .scope S_0x5573466429b0;
T_4 ;
    %wait E_0x5573466ab310;
    %load/vec4 v0x5573466ab470_0;
    %assign/vec4 v0x5573466ab530_0, 0;
    %jmp T_4;
    .thread T_4;
    .scope S_0x557346639570;
T_5 ;
    %wait E_0x5573466ab650;
    %load/vec4 v0x5573466ab9b0_0;
    %flag_set/vec4 8;
    %jmp/0xz  T_5.0, 8;
    %pushi/vec4 1, 0, 1;
    %assign/vec4 v0x5573466ab850_0, 0;
    %jmp T_5.1;
T_5.0 ;
    %load/vec4 v0x5573466ab8f0_0;
    %flag_set/vec4 8;
    %jmp/0xz  T_5.2, 8;
    %pushi/vec4 0, 0, 1;
    %assign/vec4 v0x5573466ab850_0, 0;
    %jmp T_5.3;
T_5.2 ;
    %load/vec4 v0x5573466ab790_0;
    %assign/vec4 v0x5573466ab850_0, 0;
T_5.3 ;
T_5.1 ;
    %jmp T_5;
    .thread T_5;
# The file index is used to find the file name in the following table.
:file_names 7;
    "N/A";
    "<interactive>";
    "././lib/cmos_cells.v";
    "BancoPruebas.v";
    "./probador.v";
    "./recirculacion_estructural.v";
    "./recirculacion.v";
